5150
s14t 49
s47x 48
sexx 47
su1t 46
syx 45
svbx 44
sahj 43
snwj 42
st 41
sdrj 40
s9uj 39
sbet 38
s8yt 37
sks 36
s3lt 35
sght 34
sf3 33
shvt 32
sikt 31
stsx 30
sk4j 29
s6r 28
srm 27
s55j 26
spat 25
srlj 24
sai 23
s02 22
s70x 21
s59 20
s98 19
so2x 18
s2yj 17
sxu 16
szgt 15
s6aj 14
sno 13
sxej 12
sjqt 11
ssfx 10
scox 9
sydx 8
sl9x 7
sfgj 6
s2tt 5
sqpt 4
sd0 3
sm8x 2
swmx 1
s0jj 0
cdx 45
cfhj 43
ctmx 1
cv1t 46
cuet 38
csgt 15
c2r 28
c0bx 44
ckm 27
cfi 23
c69x 7
ca8x 2
cxsx 30
cguj 39
c7xx 47
chtt 5
c9o 13
cn7x 48
c8at 25
cyfx 10
cigj 6
c4yt 37
czht 34
c9wj 42
c52 22
cb4j 29
ci3 33
cl2x 18
cqqt 11
ccvt 32
cp5j 26
cju 16
cjej 12
c3rj 40
cekt 31
c2aj 14
cmox 9
c30 3
c5jj 0
chyj 17
cx 41
c1lt 35
cr0x 21
cbs 36
cp9 20
cwnt 49
cddx 8
copt 4
cklj 24
cg8 19
s8o 45
soaj 43
sgfx 1
sfxx 46
sakt 38
s5yt 15
swu 28
si0x 44
sci 27
sor 23
s1zx 7
sq9x 2
szdx 30
sv5j 39
s2ox 47
stqt 5
su2 13
sbbx 48
sret 25
sp7x 10
slyj 6
sk1t 37
s0at 34
sujj 42
sem 22
smgj 29
sltt 33
s3cx 18
sylt 11
sxpt 32
s74j 26
ss0 16
ssrj 12
s4uj 40
s6vt 31
swej 14
sj2x 9
s48 3
selj 0
st1j 17
szx 41
snht 35
sh8x 21
sm3 36
s7s 20
s9gt 49
s8wj 8
sd4t 4
schj 24
sv9 19
spo 45
s9fx 1
saxx 46
s1b 28
sj9x 2
skbx 48
s57x 10
svat 34
s6ox 47
sqaj 43
soyj 6
su5j 39
sbjj 42
sz0 16
stpt 32
shi 27
scgj 29
sslt 11
silj 0
sgx 41
se4j 26
s0yt 15
spwj 8
s4ht 35
sqr 23
szrj 12
sgdx 30
smkt 38
sr1t 37
sf0x 44
sim 22
sb2 13
sott 33
ses 20
sx2x 9
s3zx 7
sdcx 18
sw1j 17
sy4t 4
s7et 25
s8uj 40
swqt 5
slvt 31
s88 3
snfx 1
sc3 36
s5o 45
s1ij 14
su9 19
s28x 21
sg0 16
skjj 42
sngt 49
sb5j 39
sjaj 43
shhj 24
srbx 48
sqyj 6
s3b 28
smxx 46
svyt 15
s5wj 8
s2i 27
sflj 0
sfm 22
s9dx 30
suat 34
s07x 10
st2x 9
swpt 32
si4j 26
s1jt 5
sx9x 2
sa0x 44
sgrj 12
s71t 37
slox 47
sdzx 7
s9x 41
sovt 31
sk2 13
sb9 19
shgj 29
s90 16
s8ht 35
sjr 23
srjj 42
seet 25
szlt 11
sqtt 33
s2hj 24
sp8 3
ss4t 4
sckt 38
sycx 18
sh3 36
sis 20
s4fx 1
suyt 15
sk5j 39
sjyj 6
s3ij 14
salj 0
spuj 40
sxaj 43
s13j 17
s0o 45
s15t 32
scxx 46
sf4j 26
sbat 34
s68x 21
sndx 30
s0wj 8
s7bx 48
sam 22
s9rj 12
sw2x 9
s4gt 49
sr2 13
s6hj 24
sdb 28
syzx 7
snx 41
s2gj 29
s6i 27
sm0x 44
sglt 11
spht 35
sxyj 6
s7jj 42
st9x 2
sv7x 10
sfs 20
s5uj 40
s3jt 5
soox 47
sz4t 4
sxr 23
sscx 18
s23 36
sqvt 31
smlj 0
sk9 19
sr5j 39
shxx 46
se1t 37
sn0 16
s58 3
svo 45
siet 25
staj 43
sdij 14
sjtt 33
snrj 12
skat 34
shkt 38
sbyt 15
s35t 32
sebx 48
s4dx 30
s8fx 1
s8gt 49
s33j 17
svwj 8
s5ht 35
sl8x 21
sli 27
styj 6
sa4j 26
smm 22
s16x 9
slhj 24
sg4t 4
sw9x 2
s4x 41
sc0x 44
sas 20
sszx 7
s75j 39
sjvt 31
sr9 19
s72 13
sclj 0
sejj 42
s4rj 12
sdjt 5
swaj 43
s6gj 29
str 23
syb 28
s9lt 11
suo 45
sqox 47
s2kt 38
sfet 25
szcx 18
su7x 10
s0uj 40
s8dx 30
sxtt 33
s40 16
s63 36
sibx 48
s2xx 46
syij 14
si1t 37
swyj 6
spgt 49
s8x 41
spfx 1
srat 34
sms 20
s08 3
sd5t 32
s1nx 2
sh0x 44
skyt 15
sd3j 17
s94t 4
scm 22
syjt 5
soi 27
suwj 8
s36x 9
s1mj 43
so8x 21
s0ht 35
shlj 0
svuj 40
sm4j 26
slgj 29
sjox 47
s79 19
sohj 24
se2 13
s6kt 38
s80 16
se5j 39
ssb 28
s8rj 12
szzx 7
sxvt 31
sl3 36
saet 25
snlt 11
swr 23
spdx 30
s6xx 46
sb7x 10
sv8 3
sijj 42
s7at 34
sy5t 32
sgcx 18
sbo 45
s0gt 49
ssij 14
segj 6
sttt 33
ssjt 5
sjmx 1
spx 41
sy3j 17
sfbx 48
s44t 4
sf8x 2
sygt 15
szyt 37
szuj 39
s49 20
svs 36
s3dx 8
srhj 43
saej 12
s20x 44
srox 9
scr 28
s6kj 40
sn1t 46
s0h 22
s2lj 0
s2mx 99
s6mx 98
slmx 97
somx 96
sqmx 95
sxmx 94
s5fx 93
spjj 92
s8jj 91
s4jj 90
snjj 89
s9jj 88
sgjj 87
szjj 86
ssjj 85
syjj 84
sdjj 83
s3jj 82
s1jj 81
swqj 80
stqj 79
sxqj 78
sjqj 77
sqqj 76
soqj 75
slqj 74
s6qj 73
s2qj 72
shqj 71
scqj 70
smqj 69
saqj 68
sfqj 67
siqj 66
seqj 65
s7qj 64
srqj 63
skqj 62
sbqj 61
suqj 60
svqj 59
s0qj 58
s5qj 57
spqj 56
s8qj 55
s4qj 54
snqj 53
s9qj 52
sgqj 51
szqj 50
ssqj 49
syqj 48
sdqj 47
s3qj 46
s1qj 45
swoj 44
stoj 43
sxoj 42
sjoj 41
sqoj 40
sooj 39
sloj 38
s6oj 37
s2oj 36
shoj 35
scoj 34
smoj 33
saoj 32
sfoj 31
sioj 30
seoj 29
s7oj 28
sroj 27
skoj 26
sboj 25
suoj 24
svoj 23
s0oj 22
s5oj 21
spoj 20
s8oj 19
s4oj 18
snoj 17
s9oj 16
sgoj 15
szoj 14
ssoj 13
syoj 12
sdoj 11
s3oj 10
s1oj 9
swlj 8
stlj 7
sxlj 6
sjlj 5
sqlj 4
solj 3
sllj 2
s6lj 1
shmx 95
scmx 0
smmx 99
samx 98
simx 89
sfmx 68
s7mx 27
semx 17
skmx 49
srmx 32
sumx 82
sbmx 13
s5mx 93
s0mx 81
svmx 61
spmx 30
s4mx 44
s8mx 42
snmx 53
s9mx 58
sgmx 97
szmx 15
sdmx 77
symx 59
ssmx 4
swax 85
s1mx 75
s3mx 47
sqax 41
sjax 25
sxax 20
stax 14
s6ax 94
slax 57
soax 37
scax 96
shax 22
s2ax 21
smax 83
sfax 78
saax 76
seax 72
siax 71
s7ax 55
srax 28
suax 67
sbax 26
skax 24
spax 87
s5ax 50
s0ax 40
svax 36
s8ax 54
s4ax 46
snax 12
s9ax 43
sgax 86
szax 66
ssax 11
syax 88
sdax 91
s3ax 34
s1ax 7
stfx 90
swfx 18
sxfx 29
sqfx 35
sjfx 6
s6fx 33
slfx 19
sofx 16
s2fx 60
smfx 73
scfx 69
shfx 39
safx 2
sifx 84
sffx 74
sefx 45
skfx 56
srfx 48
s7fx 9
sufx 64
sbfx 1
si8x 63
s3nx 38
s0fx 5
svfx 3
se8x 10
sr8x 80
s78x 70
sk8x 8
sb8x 62
sv8x 52
su8x 31
s08x 23
s58x 79
sp8x 51
sn8x 99
s48x 92
s88x 65
s98x 0
sg8x 95
sy8x 61
ss8x 53
sz8x 13
sd8x 30
s38x 25
s18x 41
sw4x 44
st4x 68
sx4x 49
sj4x 75
sq4x 54
so4x 24
sl4x 20
s64x 28
sh4x 67
s24x 14
sc4x 77
sm4x 55
sa4x 93
sf4x 17
se4x 97
si4x 57
s74x 82
sr4x 59
sb4x 46
sk4x 40
su4x 86
sv4x 96
s04x 27
s84x 58
sp4x 47
s54x 37
sn4x 7
s44x 6
s94x 89
sz4x 43
sg4x 26
ss4x 15
sy4x 87
s34x 72
sd4x 50
swnx 94
s14x 81
stnx 10
sxnx 45
sjnx 32
sqnx 85
slnx 98
sonx 42
s2nx 56
s6nx 52
smnx 90
scnx 18
shnx 1
sfnx 69
sanx 9
senx 4
sinx 3
s7nx 78
sknx 33
srnx 12
sunx 39
sbnx 21
s5nx 36
s0nx 31
svnx 8
s4nx 83
s8nx 65
spnx 29
snnx 63
s9nx 13
sgnx 22
ssnx 88
sznx 16
sdnx 95
synx 66
su8 92
s10 76
st5 79
sw5 62
sx5 71
sq5 44
sj5 34
so5 38
sl5 74
s65 91
s25 70
sh5 60
sm5 35
sc5 11
sf5 99
sa5 61
si5 73
sr5 48
s75 30
se5 14
sk5 51
sb5 64
c7lj 19
su5 75
sv5 84
s05 80
s55 2
sp5 96
s45 5
s85 23
sn5 0
s95 28
sg5 43
ss5 24
sz5 15
sy5 37
sd5 40
s35 7
s15 54
stp 52
swp 25
sxp 69
sjp 89
slp 86
sop 57
sqp 49
s6p 41
s2p 53
scp 81
shp 58
smp 31
sap 67
sfp 26
sip 90
sep 77
s7p 42
skp 68
srp 27
sbp 93
sup 9
svp 1
s0p 78
s5p 59
s8p 20
spp 4
s9p 97
snp 62
s4p 45
ssp 87
szp 72
sgp 21
syp 70
s3p 94
sdp 82
st8 98
sw8 35
s1p 17
sx8 8
so8 85
sq8 55
sj8 47
sl8 44
s68 73
s28 88
sh8 18
sc8 12
sm8 34
sf8 56
sa8 19
si8 46
se8 16
s78 6
sr8 10
sb8 29
sk8 13
slpt 50
sn4t 36
s2pt 83
s6pt 60
scpt 76
shpt 32
smpt 66
sapt 14
sipt 71
sfpt 65
sept 92
s7pt 39
srpt 51
supt 95
sbpt 74
skpt 64
s0pt 96
svpt 80
s5pt 3
sppt 22
s8pt 11
s4pt 37
sgpt 61
s9pt 48
snpt 15
szpt 33
sspt 79
sypt 63
sdpt 75
s3pt 91
s1pt 81
sw8t 7
st8t 99
sx8t 24
sq8t 38
sj8t 26
so8t 30
sl8t 31
s68t 53
sh8t 97
s28t 25
czfx 5
sc8t 72
sm8t 23
sa8t 43
sf8t 2
si8t 58
se8t 84
s78t 42
sr8t 35
sk8t 17
sb8t 89
su8t 73
sv8t 10
s08t 45
sp8t 8
s58t 0
s88t 62
sn8t 40
s48t 9
s98t 28
sg8t 69
ss8t 83
sz8t 54
sy8t 55
sd8t 49
s18t 93
s38t 44
sw4t 77
sx4t 60
st4t 14
sq4t 66
sj4t 52
sl4t 87
so4t 20
s24t 56
s64t 16
sh4t 88
sm4t 94
sc4t 76
sa4t 67
sf4t 12
si4t 46
se4t 27
sk4t 57
sr4t 50
s74t 13
sv4t 70
su4t 4
sb4t 1
s54t 90
s04t 86
s84t 41
sp4t 18
szjt 92
sctt 11
smtt 78
satt 21
sitt 80
sftt 68
sett 61
s7tt 82
srtt 59
sktt 36
sbtt 63
sutt 34
svtt 6
sptt 85
s5tt 39
s0tt 29
s4tt 19
s8tt 5
sgtt 98
s9tt 26
sntt 22
sstt 75
sztt 47
sytt 37
sdtt 96
s3tt 32
swxt 65
s1tt 64
stxt 51
sxxt 84
sjxt 3
sqxt 33
slxt 15
soxt 7
s6xt 79
s2xt 48
shxt 24
scxt 91
co9x 95
smxt 71
sfxt 81
saxt 53
sext 99
sixt 45
s7xt 25
srxt 30
sbxt 74
skxt 28
suxt 38
s0xt 55
svxt 10
s5xt 97
s8xt 52
spxt 44
s4xt 94
snxt 31
s9xt 60
sgxt 17
szxt 87
ssxt 72
sdxt 67
syxt 50
s3xt 92
s1xt 49
swjt 89
sxjt 42
stjt 35
sqjt 77
sjjt 57
sljt 56
sojt 54
s6jt 23
s2jt 18
shjt 58
smjt 90
scjt 43
sajt 0
sfjt 9
sijt 2
sejt 27
s7jt 78
srjt 4
skjt 83
sujt 46
sbjt 14
s5jt 76
s0jt 66
svjt 6
spjt 93
s4jt 39
s8jt 26
s9jt 51
snjt 36
sgjt 40
s1sj 73
s7gj 61
srgj 37
skgj 1
svgj 70
sugj 20
sbgj 8
spgj 69
s5gj 62
s0gj 12
s8gj 80
s9gj 95
sngj 79
s4gj 29
sggj 88
szgj 68
sygj 91
ssgj 13
s1gj 16
s3gj 64
sdgj 7
swzj 5
stzj 59
sxzj 41
sjzj 86
sozj 19
sqzj 11
slzj 48
s6zj 34
s2zj 98
shzj 99
sczj 82
cn8 21
smzj 60
sazj 32
sfzj 24
sizj 44
sezj 71
srzj 67
s7zj 63
skzj 97
suzj 85
sbzj 74
s0zj 52
svzj 30
s5zj 84
spzj 22
s8zj 3
s4zj 47
snzj 35
sgzj 28
s9zj 25
szzj 94
sszj 75
syzj 45
sdzj 65
s1zj 87
s3zj 33
swsj 90
stsj 55
sxsj 96
sjsj 50
sqsj 92
sosj 15
slsj 31
s6sj 10
shsj 81
s2sj 43
scsj 14
smsj 62
sasj 42
sisj 56
sfsj 36
sesj 9
sksj 72
srsj 53
s7sj 12
sbsj 37
susj 58
svsj 77
s0sj 13
s5sj 38
spsj 49
s8sj 95
s4sj 80
snsj 18
s9sj 89
sgsj 17
szsj 59
sssj 54
sdsj 78
sysj 57
s29x 69
sgzx 21
s3sj 5
sc9x 86
sh9x 40
sm9x 8
sa9x 1
si9x 79
sf9x 23
se9x 48
s79x 60
sr9x 68
sk9x 39
sb9x 41
sv9x 98
su9x 76
sp9x 91
s59x 63
s09x 2
s89x 0
s49x 24
sn9x 29
s99x 19
sz9x 47
sg9x 27
ss9x 61
sy9x 82
s39x 66
sd9x 4
swgx 35
s19x 34
stgx 70
sxgx 46
sqgx 83
sjgx 6
sogx 71
slgx 20
s2gx 93
s6gx 73
shgx 55
scgx 88
smgx 26
sagx 85
sfgx 51
sigx 52
segx 45
s7gx 30
c34t 16
srgx 64
skgx 87
svgx 96
sugx 25
sbgx 11
s0gx 15
s5gx 7
s8gx 43
spgx 36
s4gx 67
sngx 74
s9gx 97
sggx 99
szgx 13
ssgx 90
sdgx 32
sygx 22
s1gx 65
s3gx 53
swzx 10
stzx 3
sxzx 17
sjzx 92
sqzx 31
slzx 44
sozx 5
s2zx 80
s6zx 38
shzx 62
sczx 72
smzx 94
sfzx 86
sazx 84
sezx 42
sizx 28
s7zx 33
srzx 75
sbzx 56
skzx 40
suzx 63
svzx 82
s5zx 49
s0zx 39
s8zx 37
spzx 35
s4zx 89
snzx 69
sbwj 79
s9zx 50
s1dx 19
st3x 81
sw3x 14
sx3x 29
sj3x 12
so3x 77
sq3x 9
s63x 59
sl3x 48
s23x 55
sc3x 73
sh3x 4
sm3x 16
sa3x 95
sf3x 78
si3x 58
s73x 61
se3x 11
sr3x 34
sk3x 60
su3x 68
sb3x 54
sv3x 8
s03x 41
s53x 23
s83x 91
sp3x 13
s43x 25
sn3x 74
sg3x 18
s93x 1
sz3x 24
ss3x 76
sy3x 57
sd3x 21
s33x 67
sw1x 66
s13x 51
st1x 27
sx1x 43
sj1x 47
sq1x 46
so1x 0
sl1x 6
s21x 98
s61x 85
sh1x 88
sc1x 65
sm1x 7
sa1x 70
sf1x 5
si1x 2
se1x 52
s71x 15
sr1x 26
sk1x 20
sb1x 83
sv1x 64
su1x 42
s01x 22
s51x 28
s81x 45
sp1x 3
s41x 36
s91x 96
sn1x 31
sg1x 71
cxqt 93
sz1x 87
ss1x 63
sy1x 86
sd1x 30
s31x 10
s11x 82
swwj 39
sjwj 97
sxwj 80
stwj 75
sqwj 32
sowj 49
slwj 44
s6wj 99
s2wj 78
scwj 94
shwj 35
smwj 90
sawj 59
siwj 77
sfwj 53
sewj 62
skwj 69
srwj 55
s7wj 38
saox 84
sd6x 40
siox 60
sfox 13
seox 37
skox 73
s7ox 17
sbox 56
suox 72
svox 19
s5ox 92
s0ox 41
s8ox 68
spox 11
s4ox 74
s9ox 61
snox 14
szox 29
sgox 12
syox 48
ssox 33
sdox 89
s3ox 51
s1ox 67
swlx 47
stlx 6
sxlx 50
solx 79
sqlx 24
sjlx 22
sllx 4
s2lx 64
s6lx 1
shlx 85
sclx 9
smlx 8
salx 57
silx 93
sflx 81
selx 7
s7lx 23
srlx 76
sulx 88
sblx 46
sklx 43
svlx 20
c6yj 95
splx 91
s5lx 54
s0lx 52
s8lx 25
s9lx 58
snlx 26
s4lx 16
szlx 31
sglx 30
sslx 2
sylx 42
sdlx 34
s3lx 36
sw6x 99
s1lx 21
st6x 28
sx6x 83
sj6x 44
sq6x 18
sl6x 32
so6x 15
s26x 87
s66x 66
sc6x 82
sh6x 27
sm6x 45
sf6x 77
sa6x 71
se6x 96
si6x 69
s76x 97
sr6x 0
sk6x 13
sb6x 56
sv6x 98
su6x 65
s06x 39
s56x 49
sp6x 60
s86x 63
s46x 75
sg6x 74
s96x 70
sn6x 5
sz6x 17
ss6x 86
sy6x 41
sdfx 55
s3fx 78
swix 48
s1fx 38
stix 3
sjix 80
sxix 11
soix 51
sqix 29
s6ix 62
slix 35
s2ix 67
shix 40
scix 10
smix 85
saix 6
sfix 95
siix 54
s7ix 76
seix 72
srix 68
sbix 73
skix 12
svix 37
suix 20
s5ix 90
s0ix 59
spix 94
s8ix 61
s4ix 2
snix 92
s9ix 16
sgix 31
szix 53
cwsx 33
ssix 4
sdix 91
syix 64
s3ix 99
s1ix 81
swex 8
stex 84
sjex 89
sxex 24
sqex 43
s6ex 83
slex 79
soex 18
s2ex 14
shex 1
scex 25
smex 19
saex 47
siex 13
sfex 7
seex 21
s7ex 26
skex 22
srex 15
suex 46
sbex 9
svex 50
s0ex 52
spex 58
s5ex 44
s8ex 71
s4ex 30
snex 69
s9ex 82
syex 88
ssex 57
szex 27
sgex 23
sdex 96
s3ex 86
s1ex 60
st7x 93
sw7x 39
sx7x 74
sj7x 5
sq7x 77
so7x 34
sl7x 41
s67x 66
s27x 45
sc7x 75
sh7x 42
sa7x 48
sm7x 28
sf7x 36
si7x 78
se7x 12
s77x 38
sk7x 98
sr7x 6
s4lt 32
slqt 97
soqt 63
shqt 67
s2qt 59
s6qt 0
scqt 54
smqt 33
sfqt 95
saqt 80
seqt 72
siqt 62
srqt 87
s7qt 65
skqt 73
suqt 99
sbqt 17
svqt 56
s0qt 70
s5qt 11
s8qt 55
spqt 37
s4qt 29
snqt 49
s9qt 64
sgqt 16
szqt 91
syqt 51
ssqt 19
sdqt 25
s3qt 85
s1qt 3
swot 18
sxot 10
stot 2
sjot 40
sqot 79
soot 76
slot 81
s6ot 46
s2ot 61
shot 31
c4wj 53
scot 35
saot 90
smot 30
seot 92
siot 84
sfot 27
s7ot 20
suot 68
sbot 22
skot 9
srot 4
svot 89
s0ot 57
s5ot 58
spot 44
s8ot 66
s4ot 48
snot 15
s9ot 42
sgot 94
ssot 41
szot 13
sdot 71
syot 5
s3ot 1
swlt 43
s1ot 24
sjlt 50
sxlt 45
stlt 8
sqlt 26
solt 69
s6lt 83
sllt 75
s2lt 14
sclt 82
shlt 23
smlt 74
sflt 73
salt 17
silt 99
s7lt 98
selt 47
srlt 7
sklt 32
sblt 21
sult 0
svlt 33
s5lt 77
s0lt 54
s8lt 88
splt 52
sprj 59
soej 96
sqej 18
slej 29
s6ej 93
scej 97
shej 87
s2ej 81
smej 55
sfej 34
siej 28
s7ej 63
seej 10
srej 86
skej 46
suej 60
sbej 53
svej 39
s5ej 78
s0ej 37
spej 61
s8ej 85
snej 72
s4ej 56
s9ej 25
sgej 12
szej 16
syej 80
ssej 38
sdej 67
s1ej 57
s3ej 6
sx7j 62
st7j 51
sw7j 36
sj7j 76
sq7j 22
so7j 95
sl7j 49
cq2x 65
s67j 90
s27j 91
sh7j 31
sc7j 4
sa7j 70
sm7j 11
sf7j 9
si7j 64
se7j 40
sr7j 79
s77j 44
su7j 94
sb7j 68
sk7j 19
sv7j 2
s07j 89
s57j 1
s87j 58
sp7j 3
s47j 42
sn7j 66
sg7j 99
s97j 32
ss7j 71
sz7j 20
sy7j 48
s37j 27
sd7j 13
swrj 74
s17j 21
strj 35
sxrj 8
sjrj 0
sqrj 41
sorj 88
slrj 43
s6rj 92
s2rj 84
shrj 30
scrj 28
smrj 23
sfrj 29
sarj 5
sirj 77
serj 98
s7rj 59
srrj 60
skrj 15
sbrj 69
surj 87
svrj 54
s5rj 81
s0rj 33
si2 26
sgo 61
szo 53
syo 78
sso 45
sdo 17
s3o 18
swl 82
s1o 52
stl 24
sxl 7
sol 96
sql 65
sjl 63
sll 83
s6l 55
scl 97
shl 73
s2l 10
sal 76
sml 50
sil 90
sfl 80
sel 14
s7l 47
srl 75
skl 46
sbl 39
sul 49
s0l 94
svl 19
s5l 9
spl 51
s8l 79
snl 93
s4l 56
s9l 34
sgl 85
szl 16
ssl 86
syl 58
c87x 6
s3l 72
sdl 42
st6 95
sw6 64
s1l 37
sj6 25
sx6 12
sq6 31
so6 38
sl6 57
s66 27
sh6 48
s26 41
sc6 11
sm6 22
sf6 67
sa6 28
si6 23
se6 91
sr6 40
s76 2
sk6 62
su6 89
sb6 43
sv6 44
sp6 70
s56 36
s06 29
sn6 98
s46 20
s86 4
s96 5
sg6 84
sz6 82
ss6 88
sy6 32
s36 78
sd6 54
s16 7
sw2 3
st2 13
sx2 69
sj2 83
so2 97
sq2 1
sl2 76
s62 68
s22 59
sh2 87
sc2 0
sa2 66
sm2 10
sf2 30
szij 21
shaj 45
smaj 55
scaj 15
saaj 65
sfaj 99
s7aj 74
seaj 73
siaj 71
sraj 77
sbaj 92
skaj 39
s0aj 47
svaj 33
suaj 8
s5aj 35
spaj 53
s4aj 18
s8aj 6
snaj 60
s9aj 96
sgaj 26
szaj 81
ssaj 31
sdaj 90
syaj 46
s1aj 34
s3aj 12
swfj 16
stfj 17
sjfj 63
sxfj 61
cdlt 52
sqfj 40
sofj 50
slfj 14
s6fj 80
s2fj 75
shfj 24
scfj 11
smfj 56
safj 19
sffj 2
sifj 44
sefj 25
srfj 51
s7fj 49
skfj 86
sbfj 43
sufj 48
svfj 94
s0fj 58
s5fj 42
spfj 84
s4fj 79
s8fj 5
sgfj 97
s9fj 36
snfj 13
szfj 54
ssfj 72
sdfj 85
syfj 37
s3fj 41
s1fj 59
swij 87
stij 93
sjij 38
sxij 9
sqij 57
s6ij 83
slij 64
soij 22
s2ij 7
shij 65
scij 92
smij 35
siij 95
sfij 78
saij 27
seij 23
s7ij 82
skij 53
srij 20
sbij 99
suij 74
svij 89
spij 98
s5ij 31
s0ij 0
snij 70
s4ij 67
s8ij 1
s9ij 91
sgij 28
sryt 62
sdgt 3
swzt 88
s1gt 29
s3gt 4
stzt 52
sxzt 63
sjzt 68
sqzt 45
sozt 30
slzt 69
s6zt 33
s2zt 15
shzt 32
sczt 76
smzt 10
sfzt 96
sazt 73
s7zt 55
sezt 46
sizt 24
srzt 12
suzt 60
sbzt 39
skzt 14
svzt 6
s5zt 90
s0zt 16
spzt 21
s8zt 40
s4zt 18
snzt 77
cyrj 81
s9zt 66
sgzt 36
szzt 11
syzt 84
sszt 54
s3zt 71
sdzt 49
s1zt 37
swst 56
sxst 34
stst 19
sjst 26
sqst 50
sost 86
s6st 75
slst 8
s2st 2
scst 47
shst 5
smst 85
sast 22
sfst 97
sist 35
s7st 82
sest 51
srst 20
skst 64
sust 93
sbst 44
svst 94
s0st 23
s4st 79
s8st 74
spst 57
s5st 17
snst 95
sgst 92
s9st 38
szst 80
ssst 83
sdst 61
syst 53
s1st 72
s3st 0
styt 43
swyt 9
sxyt 63
sjyt 1
sqyt 70
soyt 13
slyt 69
s6yt 7
s2yt 30
shyt 25
smyt 52
scyt 48
sayt 42
s7yt 91
seyt 58
siyt 28
sfyt 4
sp0 99
sou 16
squ 14
slu 87
s6u 32
s2u 39
scu 88
shu 18
sau 46
smu 27
siu 62
sfu 6
seu 41
sru 81
s7u 59
sku 40
sbu 29
suu 12
svu 96
s0u 98
s5u 89
s8u 73
spu 24
s4u 78
snu 55
szu 65
sgu 31
s9u 15
syu 50
ssu 45
sdu 11
s3u 97
s1u 56
swv 94
stv 34
sxv 76
sjv 33
sqv 67
sov 17
slv 3
s6v 54
cv2 68
shv 84
s2v 49
scv 71
smv 74
sav 92
sfv 64
siv 86
sev 22
s7v 23
srv 21
sbv 85
skv 0
svv 20
suv 8
s0v 90
s5v 10
spv 35
s8v 60
s4v 52
snv 5
szv 77
sgv 69
s9v 25
ssv 2
syv 83
sdv 66
s3v 79
sw0 70
s1v 28
sx0 51
st0 44
sj0 81
sq0 36
sl0 57
so0 40
s60 13
s20 37
sc0 63
sh0 47
sm0 88
sf0 95
sa0 19
si0 26
se0 4
sr0 93
s70 75
sk0 24
s00 82
sv0 72
su0 16
sb0 9
s50 7
ss3j 43
scyj 14
smyj 62
sayj 27
siyj 41
sfyj 38
seyj 6
s7yj 80
skyj 87
sryj 46
sbyj 53
s0yj 73
svyj 33
suyj 17
s5yj 61
spyj 68
s8yj 67
s4yj 98
snyj 91
s9yj 11
sgyj 1
ssyj 59
szyj 39
sdyj 45
syyj 29
s3yj 56
s1yj 97
sxdj 92
stdj 50
swdj 15
sjdj 76
sqdj 18
sodj 55
s6dj 30
sldj 0
s2dj 48
shdj 42
scdj 58
smdj 99
sadj 60
sfdj 84
sidj 96
sedj 32
sbdj 65
skdj 34
srdj 12
s7dj 3
sudj 74
s0dj 23
svdj 8
s5dj 79
spdj 89
ctej 31
s8dj 36
sndj 66
s4dj 54
s9dj 22
sgdj 52
szdj 94
ssdj 85
sydj 78
sddj 4
s3dj 21
s1dj 24
sw3j 16
st3j 51
sj3j 90
sx3j 40
sq3j 82
so3j 64
s63j 25
sl3j 10
sc3j 86
sh3j 49
s23j 38
sa3j 63
sm3j 62
si3j 93
sf3j 43
se3j 19
s73j 2
sr3j 37
sv3j 71
su3j 67
sb3j 35
sk3j 20
s53j 73
s03j 9
s83j 83
sp3j 5
s43j 47
sn3j 27
s93j 53
sg3j 98
s9cx 77
sz3j 14
s62x 44
s22x 17
sh2x 69
sm2x 88
sc2x 81
sf2x 75
sa2x 13
se2x 57
si2x 50
s72x 99
sr2x 26
sk2x 48
su2x 61
sb2x 7
sv2x 28
s02x 60
sp2x 92
s52x 70
sn2x 97
s42x 80
s82x 46
s92x 76
sg2x 31
sz2x 3
ss2x 74
sy2x 56
sd2x 1
s32x 95
s12x 11
swhx 72
sthx 33
sxhx 87
sjhx 55
sqhx 39
sohx 68
slhx 84
s2hx 22
s6hx 6
shhx 4
smhx 79
schx 41
sfhx 85
sahx 12
sihx 65
sehx 94
s7hx 64
skhx 45
srhx 18
suhx 91
sbhx 30
svhx 58
s0hx 59
s5hx 29
s8hx 90
sphx 8
s4hx 43
snhx 49
cpyt 42
s9hx 15
sghx 63
sshx 62
szhx 34
syhx 66
sdhx 78
s3hx 23
s1hx 82
swcx 89
stcx 27
sjcx 38
sxcx 0
socx 35
sqcx 32
slcx 96
s6cx 83
s2cx 73
shcx 54
sccx 17
smcx 37
sacx 48
sicx 28
sfcx 10
secx 50
s7cx 20
srcx 16
sucx 93
sbcx 36
skcx 25
svcx 52
s5cx 71
s0cx 26
spcx 69
s8cx 75
s4cx 24
se9 98
sncx 86
ss8 57
sz8 31
sy8 2
sd8 21
s18 19
s38 13
sw4 80
st4 40
sx4 61
sj4 39
sq4 11
so4 51
sl4 47
s64 77
s24 74
sh4 5
sc4 44
sm4 9
sa4 56
sf4 53
si4 99
se4 95
sr4 70
s74 67
sk4 42
sb4 81
su4 33
sv4 68
s04 55
sp4 7
s54 3
s84 65
s44 34
s94 58
sn4 1
ss4 97
sz4 78
sg4 14
sy4 46
s34 88
sd4 45
s14 0
swn 85
stn 79
sjn 60
sxn 59
son 94
sqn 76
s6n 63
sln 22
s2n 35
shn 87
scn 96
san 92
smn 84
cy0 72
sfn 64
sin 30
sen 41
srn 43
s7n 6
skn 23
sbn 49
sun 18
svn 93
s0n 16
s5n 27
s8n 48
spn 4
s4n 91
s9n 38
snn 12
sgn 57
szn 29
syn 89
ssn 21
sdn 15
s1n 98
s3n 8
sw9 62
st9 28
sx9 69
sj9 90
sq9 40
so9 2
s69 67
sl9 66
s29 61
sh9 19
sa9 82
sm9 20
sc9 17
sf9 54
si9 75
scs 13
s89 32
sn9 83
s99 74
sg9 10
sz9 68
sy9 73
ss9 36
s39 55
sd9 37
s19 52
stg 56
swg 50
sxg 24
sjg 53
sqg 78
sog 26
slg 79
s6g 80
shg 72
s2g 25
scg 33
smg 35
sag 46
sfg 59
sig 39
seg 71
srg 99
s7g 60
sbg 86
skg 31
sug 6
s0g 44
svg 11
spg 95
s5g 63
s8g 58
s4g 0
sng 14
s9g 18
sgg 64
szg 30
ssg 9
s3g 93
sdg 85
syg 7
cx1j 51
s1g 76
swz 22
stz 12
sxz 87
sqz 47
sjz 5
soz 77
slz 3
s6z 8
s2z 70
scz 97
shz 81
smz 84
sfz 92
saz 29
sez 48
siz 45
s7z 34
srz 15
skz 88
sbz 42
suz 94
svz 65
s0z 49
s5z 54
s4z 89
s8z 67
spz 1
snz 38
sgz 91
s9z 20
szz 41
ssz 83
syz 73
s1z 56
s3z 52
sdz 2
sws 43
sts 36
sxs 90
sqs 28
sjs 23
sos 96
sls 53
s6s 40
s2s 24
sq8x 68
shs 4
sb0x 62
sk0x 16
sv0x 69
su0x 55
s00x 98
s50x 66
sp0x 31
s80x 25
s40x 32
s90x 63
sn0x 57
sz0x 74
sg0x 27
ss0x 75
sy0x 21
sd0x 26
s30x 51
s10x 37
sw5x 64
st5x 35
sx5x 59
sq5x 60
sj5x 12
sl5x 72
so5x 58
s65x 80
s25x 33
sh5x 82
sc5x 61
sa5x 19
sm5x 17
c1cx 86
si5x 94
sf5x 50
se5x 11
sr5x 45
s75x 13
sk5x 81
sb5x 18
su5x 54
sv5x 10
s05x 9
s55x 39
sp5x 44
s85x 99
sn5x 93
s45x 30
sg5x 95
s95x 79
ss5x 78
sz5x 77
sy5x 29
sd5x 15
s35x 89
s15x 7
sxpx 91
stpx 47
swpx 14
sjpx 88
sopx 6
sqpx 5
slpx 70
s6px 73
s2px 76
scpx 71
shpx 46
smpx 97
sapx 85
sipx 83
sfpx 8
sepx 48
s7px 43
srpx 84
skpx 87
sbpx 3
supx 0
svpx 41
s0px 52
s5px 62
sppx 22
s4px 90
s8px 42
snpx 40
s9px 20
sgpx 23
szpx 34
sspx 51
sdpx 98
sypx 49
s3px 32
sw8x 92
s1px 27
st8x 63
sx8x 2
shm 65
sj8x 33
sp2 1
s82 82
s42 36
sn2 4
sg2 86
s92 38
sz2 37
s32 96
sd2 81
sy2 67
ss2 16
s12 35
swh 31
sxh 68
sth 54
slh 56
sjh 69
s6h 66
soh 28
sqh 25
shh 39
s2h 24
sch 99
sah 94
smh 21
sfh 58
sih 53
seh 19
s7h 75
srh 26
skh 55
sbh 44
suh 50
svh 61
sph 88
s5h 6
s8h 91
s4h 59
snh 5
s9h 84
sgh 57
szh 43
ssh 77
syh 15
sdh 87
s3h 74
c09 17
swc 46
s1h 45
stc 97
sjc 76
sxc 10
sqc 9
soc 64
slc 60
s6c 79
s2c 11
scc 13
shc 12
sac 93
smc 85
sec 95
sic 62
sfc 49
src 80
s7c 23
skc 18
sbc 72
suc 51
svc 29
s5c 92
s0c 14
s8c 73
spc 70
s4c 42
snc 7
s9c 89
sgc 47
szc 30
ssc 1
syc 34
s3c 71
sdc 32
s1c 96
stm 78
swm 48
sxm 90
sjm 82
som 54
sqm 35
slm 83
s2m 58
s6m 0
sii 98
s17 52
sei 20
s7i 16
sri 81
ski 21
sbi 8
sui 27
s0i 41
svi 3
s5i 66
spi 86
s8i 75
s4i 36
sni 4
s9i 33
ssi 61
szi 40
sgi 5
syi 67
sdi 65
s3i 17
s1i 2
swe 22
sxe 59
ste 39
sje 43
sqe 46
crs 56
soe 68
sle 64
s2e 63
s6e 60
she 49
sce 53
sae 69
sme 37
sie 74
sfe 72
see 38
s7e 24
ske 77
sre 26
sbe 55
sue 91
sve 84
s0e 19
spe 94
s5e 57
sne 99
s4e 25
s8e 11
s9e 31
sge 45
sze 23
sse 10
sye 79
s1e 88
s3e 70
sde 7
sw7 50
sx7 47
st7 28
sj7 92
so7 13
sq7 12
sl7 32
s27 30
s67 6
sc7 85
sh7 44
sa7 89
sm7 34
si7 97
sf7 18
s77 80
se7 76
sr7 87
sb7 96
sk7 35
sv7 66
su7 8
s07 27
s57 93
s47 73
s87 61
sp7 15
sn7 9
sz7 62
sg7 51
s97 0
ss7 83
sy7 17
sd7 48
s37 95
sqhj 14
sulj 56
sblj 20
svlj 98
s0lj 82
splj 90
s5lj 5
s8lj 33
snlj 40
s4lj 4
sglj 36
s9lj 29
szlj 42
sslj 41
sylj 2
s1lj 71
s3lj 52
sdlj 37
sw6j 81
st6j 54
sx6j 24
sj6j 78
so6j 60
sq6j 1
sl6j 58
s66j 16
s26j 39
sc6j 59
sh6j 21
sm6j 65
sa6j 31
sf6j 74
se6j 79
si6j 77
sk6j 86
sr6j 28
s76j 11
sv6j 46
su6j 22
sb6j 7
s06j 94
s56j 47
sp6j 49
s86j 3
sn6j 25
s46j 12
sg6j 84
s96j 75
sz6j 57
sy6j 68
ss6j 32
sd6j 64
cc8x 63
s16j 92
s36j 67
st2j 96
sw2j 13
sx2j 91
sj2j 43
sq2j 53
so2j 35
sl2j 69
s62j 15
s22j 19
sh2j 10
sc2j 89
sm2j 88
sa2j 55
sf2j 72
se2j 93
si2j 87
s72j 38
sr2j 62
sk2j 23
sb2j 40
su2j 26
sp2j 99
s52j 80
s02j 30
sv2j 6
s42j 50
s82j 18
sn2j 44
s92j 66
ss2j 97
sz2j 70
sg2j 45
sy2j 76
sd2j 98
s32j 95
s12j 85
sthj 56
swhj 9
sxhj 17
sjhj 2
smet 61
s4at 34
snat 51
s9at 8
sgat 42
ssat 90
szat 5
syat 0
s1at 86
s3at 59
sdat 27
swft 47
stft 20
sjft 58
sxft 16
sqft 46
soft 4
slft 37
s6ft 21
scft 73
shft 63
s2ft 11
smft 39
saft 29
sift 81
sfft 48
s7ft 83
seft 14
srft 1
skft 33
sbft 57
svft 77
suft 74
s5ft 67
s0ft 36
spft 49
s8ft 82
c7m 71
s9ft 78
snft 41
s4ft 24
sgft 52
szft 13
syft 54
ssft 32
s3ft 69
sdft 7
s1ft 15
swit 3
sjit 68
sxit 53
stit 38
sqit 91
soit 60
slit 89
s6it 10
s2it 64
scit 65
shit 44
smit 22
sait 92
sfit 35
s7it 99
seit 43
siit 19
skit 80
srit 26
sbit 76
svit 88
suit 79
s0it 6
s5it 75
s8it 31
spit 30
s4it 98
snit 28
s9it 94
sgit 40
szit 12
ssit 70
sdit 61
syit 25
s3it 84
s1it 95
swet 27
sxet 96
stet 50
sjet 11
sqet 0
soet 55
slet 87
s6et 85
s2et 34
sc4j 81
scet 17
shet 9
s45j 62
s85j 45
s95j 71
sn5j 47
sg5j 33
ss5j 66
sz5j 63
sd5j 37
sy5j 14
s15j 72
s35j 59
swpj 93
stpj 32
sxpj 42
sqpj 51
sjpj 18
sopj 23
slpj 2
s2pj 97
s6pj 48
smpj 21
scpj 8
shpj 4
sapj 46
sfpj 1
sipj 90
s7pj 49
sepj 29
skpj 64
srpj 56
sbpj 58
supj 86
s0pj 67
svpj 3
sppj 57
s5pj 26
s8pj 39
snpj 88
s4pj 38
s9pj 16
sgpj 20
sspj 65
szpj 36
clr 73
sypj 52
s3pj 24
sdpj 10
st8j 92
sw8j 77
s1pj 75
sx8j 5
sj8j 80
so8j 83
sq8j 43
sl8j 31
s68j 54
sc8j 69
sh8j 28
s28j 22
sm8j 41
sf8j 91
sa8j 89
si8j 6
se8j 13
s78j 78
sr8j 53
sk8j 60
su8j 70
sb8j 55
s08j 82
sv8j 74
sp8j 76
s58j 15
s88j 19
sn8j 40
s48j 7
sg8j 99
s98j 62
sz8j 85
ss8j 9
sy8j 35
sd8j 68
s38j 25
s18j 59
sw4j 45
st4j 81
sx4j 44
sj4j 12
sq4j 33
sl4j 94
so4j 72
s64j 21
s24j 37
sqi 98
sh4j 79
sbm 93
svm 30
sum 4
s5m 42
s0m 29
spm 97
s8m 63
s4m 17
snm 50
sgm 96
s9m 2
sym 87
ssm 66
szm 14
sdm 73
s3m 90
swa 84
s1m 61
sxa 27
sta 20
sja 18
sqa 39
sla 11
soa 95
s6a 49
s2a 47
sha 34
sca 58
saa 86
sma 48
sfa 88
sia 51
sea 75
cmhj 0
s7a 24
sra 32
sva 80
sua 71
sba 36
ska 13
s0a 57
spa 77
s5a 19
s8a 16
s4a 82
sna 23
sga 56
s9a 46
ssa 76
sza 74
sya 53
s3a 28
sda 8
swf 52
s1a 41
stf 62
sjf 89
sxf 70
sof 65
sqf 1
slf 64
s6f 31
s2f 5
shf 12
scf 67
saf 44
smf 35
sff 91
sef 92
sif 38
s7f 83
srf 69
skf 68
sbf 3
suf 78
svf 26
s0f 33
s5f 43
spf 10
s8f 85
s4f 54
snf 29
s9f 60
sgf 98
szf 84
ssf 94
syf 22
sdf 6
s3f 90
swi 59
s1f 45
szb 99
sji 93
sxi 55
sti 15
smr 47
shr 7
sar 25
sfr 17
sir 97
ser 81
srr 48
s7r 14
skr 42
sur 73
sbr 0
svr 75
s5r 63
s0r 40
spr 9
s8r 4
s4r 72
s9r 51
snr 21
sgr 82
szr 27
ssr 61
syr 66
sdr 49
s1r 87
s3r 18
stk 58
swk 56
sxk 30
cket 11
sjk 8
slk 95
sok 79
sqk 65
shk 37
s6k 32
s2k 89
sck 96
sfk 71
sak 24
smk 20
sek 64
sik 50
srk 74
s7k 2
skk 39
sbk 41
suk 5
svk 91
s0k 36
spk 98
s5k 86
s8k 16
s9k 92
snk 78
s4k 68
szk 76
sgk 67
s3k 88
sdk 46
syk 44
ssk 19
swb 35
s1k 23
sxb 80
stb 34
sqb 93
sjb 15
sob 52
slb 77
s2b 28
s6b 13
shb 57
scb 26
smb 7
sab 69
sfb 38
sib 1
seb 17
s7b 3
skb 85
srb 12
sbb 43
sub 90
svb 53
s0b 45
s5b 22
s8b 62
spb 60
s4b 29
snb 31
s9b 99
sgb 70
sogj 14
sv4j 27
su4j 0
s04j 25
s54j 11
sp4j 83
sn4j 97
s44j 48
s84j 4
sg4j 79
s94j 65
sz4j 61
ss4j 56
sy4j 40
sd4j 6
s14j 73
s34j 51
swnj 59
stnj 55
sxnj 54
sjnj 33
sonj 47
sqnj 2
slnj 10
s6nj 64
shnj 84
s2nj 94
smnj 42
scnj 8
sanj 58
sfnj 5
sinj 30
senj 81
s7nj 82
srnj 24
sknj 72
sbnj 80
svnj 63
sunj 32
s5nj 41
s0nj 23
spnj 66
s8nj 93
snnj 46
s4nj 44
s9nj 20
sgnj 71
sznj 75
synj 87
ssnj 9
sdnj 21
s3nj 57
s1nj 15
sw9j 18
st9j 95
cr4j 37
sj9j 49
sx9j 13
sq9j 45
so9j 96
s69j 89
sl9j 67
s29j 35
sh9j 39
sm9j 38
sc9j 7
sa9j 60
sf9j 22
si9j 91
se9j 78
sr9j 99
s79j 50
sk9j 69
sb9j 52
su9j 74
sv9j 1
s09j 68
s59j 36
sp9j 53
s89j 61
sn9j 40
s49j 26
s99j 79
sz9j 98
sg9j 3
ss9j 56
sy9j 12
s39j 86
sd9j 73
s19j 55
swgj 92
sxgj 88
stgj 16
sqgj 62
sjgj 34
sqsx 70
sjsx 43
sosx 2
s6sx 83
slsx 25
shsx 77
s2sx 76
smsx 19
scsx 14
sasx 48
sfsx 0
sisx 28
sesx 4
s7sx 6
sksx 42
srsx 24
sbsx 29
susx 17
s0sx 33
svsx 31
s5sx 85
spsx 90
s4sx 93
s8sx 10
snsx 51
sgsx 95
s9sx 72
szsx 37
sysx 15
sssx 8
s1sx 75
s3sx 65
sdsx 9
swyx 59
sxyx 27
styx 5
sqyx 97
sjyx 96
soyx 58
slyx 11
s2yx 63
s6yx 44
shyx 47
scyx 64
cmi 84
smyx 41
sfyx 94
sayx 22
siyx 46
seyx 54
s7yx 39
sryx 7
skyx 36
sbyx 1
svyx 49
suyx 30
s0yx 21
s5yx 13
spyx 40
snyx 98
s4yx 67
s8yx 56
s9yx 66
sgyx 91
szyx 61
ssyx 68
syyx 20
sdyx 32
s3yx 50
s1yx 81
swdx 80
stdx 2
sxdx 82
sjdx 35
sqdx 74
s2dx 73
s6dx 71
sldx 57
sodx 55
smdx 92
scdx 48
shdx 45
sfdx 88
sadx 23
sidx 18
s7dx 99
sedx 87
srdx 53
skdx 26
sudx 38
sbdx 17
svdx 90
s0dx 52
s5dx 3
stvt 89
srkt 79
s7kt 78
skkt 93
sbkt 19
svkt 83
sukt 69
s0kt 60
s5kt 28
spkt 16
s8kt 24
s4kt 9
snkt 11
s9kt 84
sgkt 77
sskt 95
szkt 12
sdkt 97
sykt 34
s3kt 58
s1kt 42
swbt 43
sjbt 62
sxbt 27
stbt 1
sqbt 6
slbt 30
sobt 25
s2bt 76
s6bt 4
shbt 63
sfbt 86
smbt 29
scbt 14
sabt 70
sibt 51
sebt 96
s7bt 31
srbt 15
skbt 94
sbbt 65
subt 40
svbt 0
ctu 85
s0bt 8
s5bt 37
s8bt 75
spbt 72
s4bt 55
snbt 7
s9bt 64
sgbt 66
szbt 10
sybt 91
ssbt 80
sdbt 98
s1bt 47
s3bt 5
stut 88
swut 33
sxut 32
squt 87
sjut 67
slut 59
sout 44
s6ut 39
s2ut 68
shut 48
scut 36
saut 46
smut 13
sfut 26
siut 57
s7ut 89
seut 56
skut 50
srut 41
sbut 22
suut 23
svut 49
s0ut 83
sput 54
s5ut 3
s8ut 61
s4ut 78
snut 79
s9ut 82
sgut 35
szut 21
ssut 93
syut 81
sdut 90
s1ut 62
s3ut 38
swvt 11
ss5t 27
savt 73
smvt 71
sfvt 42
sevt 20
sivt 14
srvt 19
s7vt 17
sbvt 84
skvt 51
suvt 58
svvt 74
s0vt 52
spvt 12
s5vt 2
s8vt 53
s4vt 60
sgvt 99
s9vt 85
snvt 45
syvt 97
ssvt 24
szvt 16
sdvt 34
s1vt 92
s3vt 9
sw0t 18
sx0t 76
st0t 66
sj0t 28
sq0t 77
so0t 67
s60t 48
sl0t 5
s20t 64
sh0t 29
sc0t 96
sm0t 80
sa0t 69
sf0t 4
se0t 75
si0t 25
s70t 1
sb0t 87
sk0t 65
sr0t 57
s00t 47
sv0t 43
su0t 8
s50t 49
sp0t 95
s40t 59
s80t 13
sn0t 56
cagj 86
sg0t 94
s90t 37
sz0t 31
sy0t 91
ss0t 88
s30t 72
sd0t 7
s10t 30
sw5t 6
st5t 33
sx5t 63
sj5t 36
sq5t 0
s65t 98
sl5t 70
so5t 55
s25t 83
sc5t 46
sh5t 39
sm5t 61
sa5t 21
sf5t 40
sr5t 78
s75t 38
se5t 15
si5t 10
sk5t 89
su5t 79
sb5t 22
sv5t 42
s55t 32
s05t 3
sp5t 93
s45t 73
s85t 20
sn5t 97
s95t 44
sz5t 82
sg5t 23
se3 92
swtt 54
sr3 68
s73 51
sk3 17
sb3 24
su3 26
sv3 60
s03 50
s53 41
sp3 34
s43 19
s83 4
s93 99
sn3 71
sg3 58
sz3 53
sy3 52
ss3 45
sd3 81
s33 90
s13 28
sw1 86
st1 85
sx1 25
sj1 12
csdx 18
s21 62
so1 47
sq1 35
sl1 74
s61 11
sc1 95
sh1 94
sm1 14
sf1 84
sa1 16
si1 64
s71 49
se1 27
sk1 83
sr1 69
sb1 56
s01 77
sv1 48
su1 30
s51 76
sp1 40
s81 2
s41 43
sn1 15
s91 8
sg1 9
sz1 1
sd1 21
sy1 13
ss1 7
s31 75
s11 66
swwt 91
stwt 80
sxwt 87
sjwt 29
sowt 6
sqwt 5
slwt 89
s6wt 67
s2wt 55
scwt 51
shwt 17
smwt 65
siwt 96
sfwt 72
sawt 46
sewt 70
s7wt 57
skwt 63
srwt 36
sbwt 31
svwt 59
suwt 26
s0wt 68
spwt 88
s5wt 24
s8wt 39
snwt 34
s4wt 33
s9wt 82
sgwt 93
szwt 28
sswt 37
s3wt 73
sdwt 61
sywt 18
s1wt 98
seat 58
ssht 86
syht 54
s3ht 60
sdht 53
s1ht 3
sjct 92
sxct 50
stct 23
swct 0
sqct 78
soct 38
slct 22
s2ct 45
s6ct 44
scct 41
shct 10
smct 25
sact 20
sfct 79
sect 52
sict 4
srct 71
s7ct 42
sbct 83
skct 2
suct 77
svct 32
s0ct 97
spct 30
s5ct 27
s9ct 69
snct 56
s4ct 19
s8ct 12
sgct 29
ssct 43
szct 6
sdct 94
syct 49
c2vt 62
swmt 87
s1ct 84
s3ct 1
stmt 80
sxmt 8
sjmt 51
somt 99
sqmt 95
s2mt 91
s6mt 85
slmt 46
scmt 81
shmt 48
smmt 47
sfmt 35
samt 13
simt 74
semt 16
s7mt 63
srmt 55
skmt 90
sumt 68
sbmt 59
svmt 15
s5mt 64
s0mt 24
s4mt 75
s8mt 39
spmt 14
snmt 11
sgmt 76
s9mt 31
szmt 21
symt 70
ssmt 26
sdmt 40
s3mt 7
s1mt 89
swat 34
sxat 66
stat 50
sqat 37
sjat 18
soat 67
slat 9
s2at 86
s6at 65
shat 36
scat 28
smat 25
saat 79
sfat 77
siat 44
svht 20
sw6t 45
sx6t 54
st6t 0
sj6t 4
sq6t 72
s66t 53
sl6t 10
so6t 5
s26t 60
sh6t 17
sc6t 62
sa6t 82
sm6t 22
sf6t 33
si6t 56
se6t 23
s76t 96
sk6t 98
sr6t 69
sb6t 93
sv6t 71
su6t 57
sp6t 58
s56t 27
s06t 13
s86t 88
s46t 52
sn6t 3
ss6t 61
sg6t 78
s96t 46
cjpt 73
sz6t 63
sd6t 74
sy6t 42
s36t 92
sw2t 94
s16t 85
sj2t 55
sx2t 38
st2t 32
sq2t 81
so2t 48
sl2t 19
s62t 14
s22t 75
sh2t 35
sc2t 2
sm2t 29
sa2t 59
sf2t 41
si2t 83
s72t 99
se2t 49
sr2t 18
sb2t 12
sk2t 9
sv2t 97
su2t 87
s02t 64
s52t 51
sp2t 80
s82t 76
s42t 21
s92t 84
sn2t 6
sz2t 65
sg2t 1
ss2t 30
sy2t 11
sd2t 91
s32t 95
s12t 43
swht 90
stht 8
sxht 47
sjht 15
sqht 67
soht 66
slht 24
s6ht 31
s2ht 16
shht 60
smht 53
scht 34
siht 70
sfht 7
saht 5
seht 77
srht 88
s7ht 68
sbht 17
skht 13
so3 50
suht 28
sus 26
s0s 73
sps 52
s5s 23
s8s 22
s4s 4
sns 45
s9s 39
sgs 33
szs 27
sys 82
sss 37
sds 86
s3s 40
s1s 89
swy 75
sqy 74
sjy 57
sxy 46
sty 25
soy 20
sly 81
s6y 42
s2y 56
shy 36
smy 58
scy 14
say 54
siy 72
sfy 71
sey 92
s7y 93
sry 38
sky 59
sby 0
suy 79
svy 69
s0y 76
s5y 35
spy 19
s4y 64
s8y 44
s9y 65
sny 18
sgy 11
szy 10
c6tt 61
syy 98
ssy 62
sdy 3
s3y 80
swd 99
s1y 91
sjd 96
sxd 78
std 32
sqd 1
sod 15
sld 94
s6d 9
s2d 12
shd 63
scd 97
sad 84
smd 29
sfd 55
sed 90
sid 49
s7d 48
srd 41
skd 85
sbd 2
svd 34
sud 4
s0d 47
s5d 95
spd 8
snd 77
s4d 52
s8d 51
s9d 22
szd 87
sgd 83
ssd 30
syd 75
sdd 21
s1d 73
s3d 43
sw3 16
sx3 26
st3 24
sq3 28
sj3 17
sf1t 60
s9yt 74
snyt 68
sgyt 6
sdyt 88
syyt 50
ssyt 25
s1yt 89
s3yt 70
swdt 42
stdt 20
sxdt 35
sqdt 69
sjdt 58
sodt 93
sldt 61
shdt 72
s2dt 66
s6dt 46
smdt 39
scdt 13
sfdt 67
sadt 53
sidt 45
s7dt 31
sedt 7
srdt 19
skdt 36
sbdt 27
sudt 23
svdt 71
s0dt 99
spdt 5
s5dt 44
s4dt 54
s8dt 33
sndt 82
s9dt 98
sgdt 62
ssdt 38
szdt 37
c5at 40
sydt 80
sddt 81
s3dt 57
s1dt 96
sw3t 86
st3t 0
sx3t 14
sj3t 79
sl3t 94
so3t 56
sq3t 18
s63t 1
s23t 92
sh3t 59
sc3t 91
sa3t 52
sm3t 11
sf3t 10
si3t 47
se3t 4
s73t 64
sr3t 55
sk3t 73
su3t 76
sb3t 2
sv3t 65
s03t 77
s53t 28
sp3t 84
s83t 17
s43t 90
s93t 83
sn3t 25
sz3t 89
sg3t 3
ss3t 32
sd3t 97
sy3t 12
s33t 34
sw1t 78
s13t 70
st1t 51
sx1t 61
sq1t 85
sj1t 13
so1t 9
s61t 88
sl1t 29
s21t 19
sh1t 15
sm1t 68
sc1t 53
slkt 60
sa1t 31
svet 49
s0et 22
s5et 21
spet 8
s4et 63
s8et 48
snet 23
s9et 69
sget 41
sset 95
szet 40
syet 38
s3et 80
sdet 75
s1et 42
sw7t 57
st7t 58
sx7t 20
sj7t 7
sl7t 50
so7t 43
sq7t 33
s27t 39
s67t 24
sc7t 87
sh7t 30
sm7t 74
sa7t 6
sf7t 86
si7t 94
s77t 66
se7t 45
sr7t 1
sk7t 16
sb7t 26
sv7t 82
su7t 37
s07t 72
sp7t 55
s57t 54
s87t 93
s47t 71
sn7t 62
s97t 99
sg7t 67
sz7t 35
ss7t 96
sy7t 11
sd7t 36
s37t 77
s17t 46
swrt 98
strt 0
c9ht 5
sqrt 83
sjrt 44
sxrt 18
sort 27
slrt 79
s6rt 10
s2rt 84
smrt 92
scrt 73
shrt 51
sart 25
sfrt 49
sirt 89
sert 3
s7rt 76
srrt 14
skrt 81
sbrt 47
surt 91
svrt 59
s0rt 56
s5rt 12
sprt 52
s8rt 4
s4rt 95
snrt 63
sgrt 64
s9rt 9
szrt 65
ssrt 69
syrt 85
sdrt 17
s1rt 42
s3rt 6
stkt 31
swkt 2
sqkt 97
sjkt 48
sxkt 40
sokt 70
si5j 32
syuj 22
ssuj 7
s3uj 66
sduj 34
swvj 68
s1uj 20
stvj 28
sxvj 8
sqvj 72
sjvj 30
slvj 90
sovj 37
s2vj 86
s6vj 71
shvj 74
scvj 99
smvj 50
sfvj 67
savj 23
sevj 58
sivj 24
s7vj 16
srvj 78
skvj 54
sbvj 19
suvj 15
svvj 80
s0vj 5
spvj 61
s5vj 53
s8vj 29
snvj 87
s4vj 33
s9vj 13
szvj 96
sgvj 75
ssvj 88
syvj 21
sdvj 41
s3vj 60
s1vj 36
sw0j 93
st0j 57
sj0j 94
sx0j 49
sq0j 38
s60j 44
sl0j 39
so0j 1
ca3 26
s20j 10
sh0j 35
sc0j 55
sm0j 43
sa0j 47
sf0j 18
si0j 77
se0j 73
s70j 45
sk0j 62
sr0j 4
sb0j 89
su0j 82
s50j 42
s00j 11
sv0j 9
sp0j 98
s80j 14
sn0j 64
s40j 27
s90j 92
sg0j 46
ss0j 8
sz0j 6
sy0j 76
sd0j 66
s30j 79
s10j 65
st5j 85
sw5j 69
sj5j 86
sx5j 28
sq5j 12
so5j 83
sl5j 37
s65j 0
s25j 25
sh5j 16
sm5j 81
sc5j 52
sa5j 63
sf5j 2
suuj 74
swkj 51
s1rj 32
stkj 84
sxkj 34
sjkj 20
sqkj 59
sokj 80
sckj 95
shkj 19
s2kj 7
slkj 3
sfkj 97
sakj 70
smkj 21
s7kj 99
sekj 91
sikj 17
srkj 31
skkj 56
sbkj 24
sukj 26
svkj 67
s5kj 30
s0kj 10
spkj 22
s8kj 40
s4kj 1
s9kj 88
snkj 55
sgkj 58
szkj 90
sskj 47
sykj 50
sdkj 23
swbj 68
s1kj 48
s3kj 39
stbj 35
sxbj 94
sjbj 54
sobj 96
sqbj 41
slbj 4
s6bj 72
s2bj 14
shbj 53
scbj 71
smbj 76
sabj 33
sfbj 29
sebj 78
sibj 15
sbbj 93
skbj 64
srbj 60
s7bj 8
s0bj 77
svbj 38
subj 11
s5bj 66
s8bj 73
spbj 5
cb1t 13
s4bj 36
s9bj 98
snbj 25
szbj 61
sgbj 46
sdbj 85
sybj 44
ssbj 37
s1bj 57
s3bj 28
swuj 87
sxuj 75
stuj 43
sjuj 81
squj 49
souj 83
sluj 45
s6uj 27
s2uj 62
scuj 92
shuj 63
smuj 2
siuj 32
sfuj 12
sauj 7
seuj 18
s7uj 0
sruj 89
sbuj 70
skuj 42
sj 95
s5x 74
sq 9
sl 16
so 6
s6 17
s2 69
sh 19
sc 82
sm 88
sa 65
sf 21
si 51
se 79
sr 86
s7 47
sk 59
sb 41
su 23
sv 30
s5 34
s0 26
s8 93
sp 20
s4 94
sn 53
s9 91
sz 78
sg 13
ss 52
sy 84
s3 97
sd 14
swt 56
s1 22
stt 50
sxt 99
sjt 44
cfkt 31
sqt 80
sot 24
slt 96
s6t 33
sht 57
s2t 37
sct 3
sat 68
smt 48
sft 54
sit 46
set 72
skt 76
srt 38
s7t 8
sbt 10
sut 67
svt 4
s5t 61
s0t 55
spt 45
s4t 40
s8t 11
snt 1
s9t 27
sgt 71
syt 92
sst 83
szt 39
s1t 90
s3t 75
sdt 58
swx 87
stx 25
sxx 43
sjx 35
slx 95
sox 85
sqx 60
s6x 64
s2x 81
scx 63
shx 5
smx 15
sfx 79
sax 32
six 28
srx 98
s7x 86
sex 73
skx 66
sbx 36
svx 51
sux 47
s0x 29
sfjj 62
sgwj 77
szwj 49
sswj 2
sywj 19
s3wj 88
sdwj 34
s1wj 59
swtj 20
sttj 18
sxtj 31
sjtj 17
sotj 69
sqtj 30
sltj 93
s6tj 21
s2tj 23
sctj 89
shtj 82
smtj 74
satj 44
srtj 70
sitj 56
sftj 12
setj 3
s7tj 9
sktj 22
s0tj 78
svtj 50
sutj 41
sbtj 7
sptj 84
s5tj 72
c05j 0
s8tj 14
s4tj 54
sntj 42
s9tj 99
sgtj 48
sztj 6
sstj 33
sytj 80
sdtj 16
s3tj 65
s1tj 11
swxj 97
stxj 43
sjxj 71
sxxj 1
soxj 90
sqxj 68
s6xj 91
slxj 26
s2xj 13
shxj 46
scxj 52
smxj 27
saxj 63
sfxj 39
sexj 58
sixj 38
s7xj 53
srxj 25
sbxj 83
skxj 67
suxj 57
svxj 4
s5xj 94
s0xj 40
s8xj 96
spxj 64
s4xj 15
snxj 76
s9xj 95
szxj 81
sgxj 37
ssxj 98
syxj 24
sdxj 5
s1xj 92
s3xj 8
stjj 88
swjj 45
sxjj 28
sjjj 10
sojj 73
sqjj 21
sljj 18
s2jj 82
s6jj 60
shjj 55
scjj 61
sajj 49
smjj 31
s3mj 56
sihj 0
s7hj 87
sehj 66
skhj 85
suhj 47
sbhj 19
s0hj 86
svhj 7
s5hj 35
sphj 51
s8hj 75
snhj 59
s4hj 42
s9hj 48
sghj 79
szhj 80
sshj 34
syhj 14
sdhj 23
s3hj 30
s1hj 32
stcj 69
swcj 12
sxcj 50
sjcj 17
sqcj 84
socj 44
slcj 33
s6cj 2
s2cj 29
shcj 25
smcj 62
sccj 36
sacj 77
sfcj 40
sicj 1
secj 27
s7cj 54
srcj 78
cnuj 70
skcj 67
sbcj 26
svcj 20
sucj 9
s0cj 68
s8cj 94
spcj 93
s5cj 74
s4cj 95
sncj 97
s9cj 13
sgcj 89
szcj 99
sdcj 63
sycj 53
sscj 11
s3cj 65
s1cj 71
swmj 90
stmj 3
sxmj 72
sjmj 37
sqmj 22
slmj 41
somj 24
s6mj 6
shmj 57
s2mj 39
smmj 38
scmj 4
samj 5
sfmj 46
semj 83
simj 58
s7mj 16
srmj 43
skmj 15
sumj 98
sbmj 42
s0mj 73
svmj 52
s5mj 59
spmj 47
s8mj 55
snmj 91
s4mj 10
s9mj 82
sgmj 31
ssmj 60
szmj 45
symj 96
s5bx 86
sdmj 84
spbx 35
s8bx 76
snbx 85
s4bx 29
s9bx 64
sgbx 8
szbx 48
sybx 92
ssbx 70
s3bx 81
sdbx 36
s1bx 21
swux 69
stux 56
sxux 88
sjux 19
squx 32
soux 20
slux 94
s6ux 28
scux 25
shux 23
s2ux 18
saux 75
smux 44
sfux 1
s7ux 66
seux 14
siux 0
srux 74
sbux 50
skux 7
suux 61
svux 49
s0ux 12
s5ux 27
spux 17
s8ux 87
s4ux 79
snux 3
s9ux 71
csx 51
szux 46
sgux 26
syux 99
ssux 80
s3ux 77
sdux 67
swvx 41
s1ux 5
stvx 78
sxvx 93
sjvx 68
sovx 62
sqvx 34
s6vx 65
slvx 30
s2vx 53
shvx 2
smvx 98
scvx 13
savx 43
sfvx 89
sevx 42
sivx 15
sbvx 55
skvx 38
srvx 37
s7vx 33
s5vx 95
s0vx 91
svvx 24
suvx 4
spvx 72
s8vx 31
s4vx 16
snvx 54
s9vx 63
sgvx 90
szvx 40
syvx 9
ssvx 6
s3vx 35
sdvx 11
s1vx 97
sw0x 22
st0x 60
sx0x 96
sj0x 47
sq0x 83
so0x 64
sl0x 57
s60x 59
s3x 73
s1x 52
swj 88
stj 39
sxj 10
sjj 70
soj 58
sqj 29
s6j 49
slj 45
s2j 51
shj 82
scj 19
smj 7
saj 36
sfj 46
sij 84
sej 65
s7j 25
srj 79
skj 32
svj 86
suj 66
sbj 17
s0j 92
spj 27
s5j 23
s4j 41
s8j 15
s9j 75
snj 20
syj 89
ssj 76
szj 50
sgj 21
sdj 48
s3j 67
s1j 85
swq 81
sjq 69
sxq 56
stq 18
soq 24
sqq 8
slq 78
s6q 87
shq 74
s2q 14
cvjj 28
scq 1
saq 99
smq 44
sfq 54
seq 68
siq 16
s7q 33
srq 3
suq 71
sbq 43
skq 12
s0q 95
svq 94
s5q 38
spq 53
snq 61
s4q 13
s8q 0
s9q 47
sgq 26
szq 30
ssq 98
syq 62
sdq 2
swo 80
s1q 72
s3q 63
sto 5
sxo 97
sjo 77
sqo 52
soo 91
slo 55
s6o 93
s2o 11
sho 60
sco 6
smo 40
sao 4
sfo 34
sio 35
seo 37
s7o 42
sro 58
sko 51
slxx 19
s01t 31
sp1t 90
s51t 45
s41t 64
s81t 9
s91t 89
sg1t 21
sz1t 27
sy1t 86
ss1t 29
sd1t 59
s31t 70
s11t 18
swwx 28
stwx 96
sxwx 10
sjwx 49
sowx 92
sqwx 57
slwx 22
s2wx 84
s6wx 73
scwx 69
shwx 17
smwx 78
sfwx 99
sawx 44
sewx 83
siwx 23
srwx 32
s7wx 15
sbwx 88
skwx 71
suwx 46
svwx 25
s0wx 94
s5wx 95
spwx 24
s8wx 43
s4wx 39
snwx 79
s9wx 68
sgwx 50
sywx 74
sswx 38
szwx 13
sdwx 14
s3wx 63
s1wx 7
swtx 56
sttx 85
sxtx 36
sqtx 47
sjtx 41
sotx 66
claj 82
sltx 87
s6tx 33
s2tx 20
shtx 67
smtx 76
sctx 55
sitx 81
sftx 75
satx 65
setx 34
s7tx 35
srtx 53
sutx 72
sbtx 54
sktx 42
svtx 37
s0tx 58
s5tx 16
s8tx 62
sptx 11
s4tx 48
sntx 5
sgtx 19
s9tx 8
sstx 98
sztx 1
sytx 45
sdtx 97
s3tx 9
s1tx 89
stxx 96
swxx 26
sxxx 12
sjxx 2
soxx 52
sqxx 28
sxox 4
srxx 86
sbxx 40
skxx 29
suxx 3
svxx 49
s0xx 60
s5xx 57
spxx 61
s8xx 0
s4xx 83
snxx 21
s9xx 30
sgxx 93
szxx 51
ssxx 80
sdxx 91
syxx 22
s3xx 69
s1xx 59
swjx 44
stjx 94
sxjx 27
sjjx 68
sqjx 77
sojx 78
sljx 90
s6jx 82
s2jx 7
shjx 31
scjx 6
smjx 15
sfjx 46
sajx 39
sijx 17
sejx 23
srjx 92
s7jx 13
skjx 99
ce0x 64
sujx 70
sbjx 25
svjx 37
s5jx 88
s0jx 47
s8jx 73
spjx 35
snjx 72
s4jx 24
sgjx 84
s9jx 11
szjx 74
sdjx 79
syjx 54
ssjx 42
swqx 67
s1jx 50
s3jx 18
stqx 85
sxqx 10
sjqx 48
sqqx 81
soqx 32
slqx 41
s6qx 1
s2qx 95
shqx 66
smqx 53
scqx 43
saqx 26
sfqx 71
siqx 63
seqx 34
s7qx 20
skqx 40
srqx 38
sbqx 62
s0qx 75
svqx 58
suqx 36
spqx 96
s5qx 16
s4qx 87
s8qx 61
s9qx 45
snqx 30
sgqx 29
syqx 65
ssqx 14
szqx 12
sdqx 59
s3qx 33
s1qx 52
stox 56
swox 49
sabx 21
sg7x 86
s97x 51
ss7x 89
sz7x 76
sy7x 90
sd7x 78
s37x 82
swrx 44
s17x 8
strx 22
sxrx 83
sqrx 98
sjrx 55
slrx 57
sorx 0
s2rx 97
s6rx 4
shrx 17
scrx 94
smrx 28
sarx 64
sfrx 91
sirx 5
serx 27
s7rx 84
srrx 77
sbrx 54
skrx 19
svrx 74
surx 9
s0rx 2
s5rx 3
sprx 18
s8rx 79
s4rx 80
snrx 68
s9rx 53
sgrx 60
ssrx 69
szrx 67
c4o 6
syrx 42
s3rx 48
sdrx 41
s1rx 7
stkx 93
swkx 63
sjkx 39
sxkx 34
sokx 26
sqkx 25
slkx 92
s6kx 70
s2kx 31
sckx 58
shkx 46
smkx 50
sakx 96
sfkx 10
sikx 12
sekx 24
s7kx 37
srkx 15
skkx 23
sukx 73
sbkx 55
s5kx 88
s0kx 32
svkx 13
spkx 99
s4kx 72
s8kx 33
snkx 83
sgkx 65
s9kx 30
szkx 81
sskx 35
sdkx 47
sykx 8
s3kx 59
s1kx 1
stbx 40
swbx 11
sxbx 20
sqbx 89
sjbx 85
sobx 44
slbx 87
s2bx 82
s6bx 57
shbx 94
scbx 66
smbx 71
s5gt 77
stnt 95
sqnt 86
sjnt 45
sxnt 21
sont 49
slnt 36
s6nt 43
s2nt 0
shnt 78
smnt 61
scnt 38
sfnt 75
sant 9
sint 76
sent 90
srnt 29
s7nt 16
sbnt 6
sknt 5
s0nt 62
svnt 52
sunt 51
s5nt 84
spnt 68
s8nt 17
s4nt 22
snnt 64
sgnt 79
s9nt 56
sznt 93
ssnt 14
synt 97
sdnt 67
s1nt 46
s3nt 28
sw9t 19
st9t 80
sx9t 69
sj9t 98
so9t 60
sq9t 26
sl9t 4
s69t 53
cixx 2
sh9t 91
s29t 74
sc9t 3
sa9t 27
sm9t 25
sf9t 96
si9t 55
sr9t 50
s79t 18
se9t 15
sk9t 41
su9t 54
sb9t 34
sv9t 12
s09t 99
s89t 89
sp9t 42
s59t 40
s49t 59
s99t 85
sn9t 48
sz9t 39
sg9t 32
ss9t 63
sy9t 70
sd9t 88
s39t 71
s19t 44
swgt 20
stgt 5
sxgt 73
s6gt 92
slgt 81
sogt 65
sqgt 10
sjgt 7
shgt 76
s2gt 58
scgt 8
smgt 33
sfgt 36
sagt 31
sigt 16
segt 11
s7gt 47
srgt 17
sbgt 66
skgt 57
sugt 13
svgt 83
chox 56
cubx 23
cggt 83
