1217
s1bl 22
s3bl 21
sdbl 20
sybl 19
ssbl 18
szbl 17
sgbl 16
s9bl 15
snbl 14
s4bl 13
s8bl 12
spbl 11
s5bl 10
s0bl 9
svbl 8
subl 7
skkl 6
s5el 5
sdfl 29
sqfl 28
s9al 27
s2al 26
s7ml 25
stml 4
s5cl 3
sxcl 2
suhl 1
sohl 24
sg2l 23
sy6l 0
swul 21
stul 19
sxul 10
sjul 22
cd6l 0
squl 18
soul 13
slul 15
s2ul 17
s6ul 14
shul 11
scul 20
smul 16
saul 9
sful 12
sbbl 7
skbl 8
sn2l 0
srbl 10
s7bl 22
sibl 21
sebl 15
sfbl 19
sabl 11
smbl 17
scbl 18
s25l 14
sx8l 20
sopl 13
sht6 9
sct6 7
smt6 16
sat6 12
sft6 8
sit6 15
set6 21
s7t6 11
srt6 19
skt6 22
sbt6 10
s42l 0
sut6 9
svt6 17
s0t6 18
s5t6 12
spt6 15
ch5l 14
s8t6 11
s4t6 22
cj8l 20
snt6 19
s82l 0
s9t6 7
clpl 13
sgt6 16
szt6 21
sst6 8
syt6 10
sjpl 14
s3t6 11
sdt6 9
sd8l 20
s1t6 18
swx6 17
sp2l 0
sw8l 13
stx6 15
sxx6 8
s2t6 12
s6t6 22
slt6 19
sot6 21
sjt6 7
sy8l 20
sqt6 16
stt6 11
sxt6 17
s52l 0
swt6 18
sxpl 14
s1w6 9
s1pl 13
s6o6 10
s2o6 8
sho6 15
sco6 12
sao6 16
smo6 7
sfo6 22
sio6 21
s02l 0
seo6 11
s7o6 19
sro6 9
sko6 18
ss8l 20
sbo6 8
suo6 10
svo6 17
stpl 14
s3pl 13
s0o6 16
s5o6 15
spo6 11
s8o6 19
sv2l 0
s4o6 12
sno6 22
s9o6 18
sgo6 7
szo6 21
s35l 14
ciul 4
sso6 17
s3o6 8
s1o6 2
soo6 1
sjo6 9
sxo6 10
s98l 20
sto6 15
s1q6 6
su2l 0
s36l 22
s16l 21
sw2l 20
st2l 19
sx2l 18
sj2l 17
sq2l 16
so2l 15
sl2l 14
s62l 13
s22l 12
sh2l 11
sc2l 10
sm2l 9
sa2l 8
sf2l 7
si2l 6
se2l 5
s72l 4
sr2l 3
sk2l 2
sb2l 1
s2il 0
cz2l 23
cofl 28
swel 8
sq7l 21
s77l 9
cpcl 3
surl 15
swrl 5
s3rl 20
cbkl 6
cjx6 16
cvhl 1
syo6 19
cxml 4
sdo6 11
slo6 17
swl6 12
c3fl 29
swpl 14
sqo6 18
swo6 10
sdpl 13
sdq6 22
cjcl 2
s18l 7
clhl 24
s15l 14
c92l 22
s75l 19
se5l 18
si5l 17
sf5l 16
sa5l 13
sm5l 12
sc5l 11
sd5l 10
sr5l 22
sk5l 10
sb5l 12
su5l 16
sv5l 19
s05l 13
s55l 11
sp5l 17
s85l 14
s45l 18
cgal 27
sn5l 13
s95l 22
sg5l 11
sz5l 16
crml 25
ss5l 19
sy5l 10
sspl 17
sypl 12
s6pl 22
chal 26
s2pl 18
shpl 14
scpl 13
smpl 19
sapl 16
sfpl 11
sipl 10
sepl 12
s7pl 17
srpl 14
skpl 13
sbpl 22
supl 18
svpl 19
s0pl 16
s5pl 12
sppl 11
s8pl 14
cqpl 10
s4pl 18
snpl 13
s9pl 17
sgpl 19
szpl 22
sz8l 16
clfl 28
sg8l 14
sn8l 10
sq8l 12
so8l 11
sl8l 18
s68l 19
sm8l 13
s28l 10
sh8l 17
sc8l 22
sa8l 12
si8l 16
sf8l 14
se8l 19
c1fl 29
s78l 18
sr8l 11
c6hl 24
ct8l 13
sk8l 14
sb8l 6
su8l 17
sv8l 12
s08l 10
s58l 22
sp8l 19
s88l 16
s48l 11
cjml 4
s94l 13
srnl 18
c0hl 1
st9l 17
si9l 14
sogl 19
ssgl 10
cvrl 15
sfzl 12
s8zl 11
cpel 6
sbsl 16
ctrl 5
c8cl 3
chil 0
c38l 22
cr7l 9
co7l 21
ckml 25
sayl 22
ctel 8
cqcl 2
c1rl 20
cs2l 23
cw4l 7
ccal 26
czal 27
cqml 4
cygl 10
cg4l 13
clgl 19
s3q6 5
c2hl 24
c6fl 28
cwil 29
c5hl 1
ck7l 9
c4zl 11
ce9l 14
cukl 5
cl7l 21
c4cl 3
ccil 0
cx9l 17
s5yl 22
c8el 6
cknl 18
c0rl 15
cwkl 20
cizl 12
cusl 16
cbml 25
cxel 8
cz4l 13
ct4l 7
cocl 2
cmal 26
cy2l 23
c79l 14
csal 27
cnzl 11
cxrl 5
c2fl 28
c6gl 19
cdgl 10
c5rl 15
coml 4
cbnl 18
ctil 29
c4el 6
ctl6 0
cvsl 16
chhl 24
cphl 1
cjel 8
cb7l 9
cncl 3
sqdl 22
cuml 25
cs4l 13
c67l 21
cd2l 23
caal 26
cj9l 17
cezl 12
cr9l 14
clcl 2
cvkl 0
ctkl 20
cprl 15
cyal 27
cxil 29
cunl 18
clml 4
c9zl 11
c2gl 19
chfl 28
cmil 7
c3gl 10
c27l 21
cjrl 5
c9cl 3
skdl 22
c32l 23
cvml 25
c8hl 1
c0sl 16
c8rl 15
cq9l 17
cu7l 9
cnel 6
cqel 8
cfal 26
cxkl 20
cy4l 13
cdal 27
c7zl 12
cchl 24
c6ml 4
cx4l 18
chgl 19
c6cl 2
c0kl 0
ccfl 28
ck9l 14
cqrl 5
cjil 29
ch7l 21
cgzl 11
c5sl 16
cv7l 9
cail 7
szdl 22
c2ml 4
cmhl 24
cjkl 20
cgcl 3
c4rl 15
co9l 17
cial 26
ccgl 19
cd4l 13
coel 8
c12l 23
c9el 6
cvnl 10
c0ml 25
c2cl 2
c4hl 1
cj4l 18
c3al 27
c07l 9
cmfl 28
cb9l 14
c5kl 0
cfil 7
c1gl 12
corl 5
cqil 29
czzl 11
czcl 3
cc7l 21
cgel 6
cpsl 16
cqkl 20
cnrl 15
sq3l 22
chml 4
cl9l 17
cahl 24
cq4l 18
cmgl 19
clel 8
c34l 13
cwhl 23
cnhl 1
ceal 26
c57l 9
c1al 27
cpkl 0
chcl 2
crzl 10
c5ml 25
cafl 28
ccml 4
coil 29
ciil 7
cm7l 21
c69l 17
cscl 3
cfhl 24
cu9l 14
c6el 8
cwzl 12
cokl 20
clrl 5
cthl 23
co4l 18
c9rl 15
c8sl 16
czel 6
cagl 19
c0nl 11
si3l 22
cp7l 9
cpml 25
c9hl 1
ca7l 21
clil 29
cmml 4
c8kl 0
ctzl 12
c7al 26
cffl 28
cwfl 27
clkl 20
ckzl 10
cccl 2
cihl 24
ceil 7
csel 6
cfgl 19
cl4l 18
cszl 13
c4sl 16
c29l 17
c2el 8
cycl 3
c6rl 5
cxhl 23
sj1l 22
cgrl 15
c4kl 0
caml 4
c8ml 25
c14l 14
c5nl 11
cghl 1
cmcl 2
cral 26
cifl 28
cf7l 21
c64l 18
c6kl 20
cbzl 10
cyzl 13
c87l 9
ctfl 27
c7il 7
c6il 29
chel 8
cjhl 23
czrl 15
cnsl 16
cyel 6
cehl 24
cv9l 12
ch9l 17
cdcl 3
c2rl 5
cigl 19
sz1l 22
ci7l 21
ckal 26
c4ml 25
cwnl 14
czhl 1
cpnl 11
cril 7
cdzl 13
cacl 2
cnkl 0
cfml 4
c24l 18
cqhl 23
cdel 6
cxzl 10
svw6 29
cxfl 27
cc9l 17
c47l 9
c2kl 20
cefl 28
cegl 19
csrl 15
ccel 8
chrl 5
c9sl 16
cshl 1
cnml 25
c3cl 3
codl 22
ckil 7
c7hl 24
c09l 12
cbal 26
c0w6 29
cuzl 11
ctnl 14
cm9l 17
ce7l 21
c9kl 0
ch4l 18
c3el 6
cfyl 23
c7gl 19
c3zl 13
cfcl 2
chkl 20
cyrl 15
ciml 4
cjfl 27
cmel 8
c7fl 28
crhl 24
cn7l 9
cgsl 16
cbil 7
ccrl 5
c9ml 25
ce3l 29
ca9l 17
cyhl 1
c8nl 10
cual 26
c1cl 3
cs1l 21
cc4l 18
cq1l 22
c1el 6
cxnl 14
cckl 20
cdrl 15
c1zl 13
c59l 12
csdl 23
crgl 19
cgkl 0
cbdl 27
cmrl 5
cuil 7
ckhl 24
cf9l 17
cjzl 11
cicl 2
c97l 9
crfl 28
cpyl 29
ceml 4
cgml 25
cael 8
cwsl 13
co3l 15
czsl 16
cmkl 20
c5w6 27
cwml 3
cvzl 12
cdhl 1
cw7l 6
c4nl 10
cjnl 14
czkl 0
cvil 7
cval 26
cbhl 24
ciyl 22
cm4l 18
ckgl 19
c73l 21
cldl 23
cfel 8
ckfl 28
cqzl 11
c8yl 29
carl 5
cp9l 4
cssl 16
cakl 20
czml 25
cecl 2
sga6 17
ct7l 6
c3hl 1
cqnl 14
cl3l 15
cg7l 9
ctsl 13
c0zl 12
cnnl 10
cudl 27
cbfl 28
cozl 11
c4yl 29
ca4l 18
cbgl 19
c0il 7
c89l 4
cy1l 3
cydl 23
co1l 22
s2f6 24
cskl 0
csml 25
ciel 8
c0al 26
c7cl 2
cr3l 21
cfkl 20
cfrl 5
cx7l 6
conl 14
cz7l 9
c1hl 1
cysl 16
c5zl 12
cxsl 13
cpw6 17
c9nl 10
clzl 11
cykl 0
c63l 15
c49l 4
cf4l 18
cvdl 27
ceel 8
cyml 25
crcl 2
ssf6 24
c5al 26
cufl 28
cirl 5
c6dl 23
cnyl 29
cugl 19
ceyl 3
c5il 7
cpzl 12
cl1l 22
ck3l 21
cwcl 1
clnl 14
cikl 20
cj7l 6
cdkl 0
c0dl 27
cerl 5
cdsl 16
cs7l 9
cjsl 13
cn9l 4
ci4l 18
c8w6 17
cvgl 19
cd1l 3
cgnl 10
cdml 25
ckcl 2
c6zl 11
c7el 8
sii6 24
c9yl 29
cddl 15
cpal 26
ctcl 1
c6nl 14
sje6 12
cb3l 21
cvfl 28
cpil 7
c2dl 23
s5r6 6
cqsl 13
c5dl 27
c61l 22
c99l 4
c3ml 25
cekl 20
c7yl 3
crel 8
cy7l 9
c7rl 5
c3kl 0
c4w6 17
ce4l 18
c2zl 11
c2nl 14
chdl 23
cgyl 29
c3sl 16
cbcl 2
s8e6 24
c0gl 19
c0fl 28
cznl 10
c23l 6
cu3l 21
c3dl 15
sl76 12
cg9l 4
cosl 13
ckel 8
c8al 26
c8il 7
sg76 1
crrl 5
cpdl 27
c1ml 25
cnw6 17
chnl 14
cucl 2
chzl 11
ch3l 6
cv3l 21
cd7l 9
c21l 22
c5fl 28
c7kl 20
c1sl 16
c31l 3
c1kl 0
czyl 29
c74l 18
ccdl 23
c4al 26
c4il 7
c5gl 19
csnl 10
c1dl 15
smr6 24
cpr6 12
cbel 8
cz9l 4
clsl 13
c9w6 17
ccnl 14
c03l 21
cwal 25
cpfl 28
ch1l 22
crkl 20
cvcl 2
c11l 3
cryl 1
cczl 11
ckrl 5
c8dl 27
c37l 9
csyl 29
cr4l 18
cw3l 15
cc3l 6
cuel 8
cwbl 0
cwyl 16
c6sl 13
cnil 7
cpgl 19
car6 24
chf6 12
cmdl 23
c53l 21
cgw6 17
cmnl 14
cnal 26
cynl 10
c8fl 28
c0cl 2
cc1l 22
cyyl 29
cs9l 4
c17l 9
ckyl 1
c4dl 27
cyf6 20
ctal 25
ck4l 18
cvel 8
cww6 3
ctyl 16
c676 24
cm3l 6
cbrl 5
cp3l 21
cmzl 11
cadl 23
ct3l 15
cz76 26
c9il 7
ctbl 0
c2sl 13
cdnl 10
cdyl 29
c8gl 19
cei6 2
cqe6 12
cbyl 1
czw6 17
cza6 9
cy9l 4
canl 14
c0el 8
cxal 25
cndl 27
c4fl 28
cm1l 22
cb4l 18
cazl 11
c4e6 20
ctw6 3
cxyl 16
c83l 21
c3nl 10
c3yl 29
c8r6 24
ca3l 6
cfr6 5
cfdl 23
cx3l 15
cd9l 4
coe6 12
cgil 7
cjal 25
csa6 9
cfnl 14
chsl 13
csw6 17
c4gl 19
ccf6 26
c9dl 27
cnfl 28
ca1l 22
cxbl 0
cdf6 8
c7i6 2
cxw6 3
cuyl 1
cne6 20
c1nl 10
c276 24
cu4l 18
c1yl 29
cjyl 16
c43l 21
cgdl 27
cs76 26
cir6 5
c39l 4
czil 7
cjbl 0
cle6 12
c3f6 8
cvyl 1
cf1l 22
cj3l 15
cjw6 3
cqal 25
cf3l 6
cinl 14
cya6 9
cidl 23
c4r6 24
cngl 19
cyw6 17
ccsl 13
cwdl 29
c9fl 28
cw9l 10
cmf6 2
c19l 4
cy76 26
c9e6 20
cv4l 18
cn3l 21
c6e6 12
ci1l 22
cqyl 16
cri6 11
c0yl 1
cda6 9
cqbl 0
csil 7
c1f6 8
ch76 5
cedl 23
ctdl 29
cenl 14
cqw6 3
coal 25
c9gl 19
cwgl 4
cdw6 17
cnr6 24
cmsl 13
cki6 11
caf6 2
cge6 20
cgfl 28
cyil 7
cd76 26
cer6 5
c04l 18
c93l 21
c3a6 9
cobl 0
ce1l 22
coyl 16
clal 25
c2e6 12
ctgl 4
cxdl 29
casl 13
cwi6 8
cow6 3
c7dl 23
c7nl 14
cggl 19
c54l 18
cze6 20
cbi6 11
cff6 2
c376 26
c9r6 24
cc76 1
c71l 22
c1a6 9
cdil 7
che6 12
clbl 0
cg3l 21
czfl 28
c7r6 5
cxgl 4
c6al 25
clw6 3
clyl 16
cfsl 13
czgl 19
cti6 8
cgr6 24
cm76 1
cp4l 18
crdl 23
cjdl 29
cr1l 22
cse6 20
cui6 11
c176 26
csfl 28
cce6 12
c6w6 3
cif6 2
c3il 7
cisl 13
cz3l 21
cjgl 4
cwf6 9
c6yl 16
c6bl 0
crr6 5
cxi6 8
cye6 20
czr6 24
cvi6 11
c84l 18
ca76 1
cesl 13
cwr6 26
cqgl 4
ck1l 22
cme6 12
ctf6 9
c2w6 3
cef6 2
ckr6 5
c1il 7
cyfl 28
cji6 8
cs3l 21
c2bl 0
c2yl 16
c0i6 11
csr6 24
ctr6 26
cf76 1
c44l 18
cde6 20
chw6 3
cb1l 22
c7sl 13
cae6 12
cbr6 5
cxf6 9
cy3l 21
cyr6 24
cqi6 8
cn4l 18
c7f6 2
c5i6 11
cxr6 26
ccw6 3
chyl 16
crsl 13
cur6 5
c3e6 20
ci76 1
cdr6 24
cfe6 12
cu1l 22
cjf6 9
cpi6 11
chbl 0
cd3l 21
coi6 8
cjr6 26
cmw6 3
crf6 2
cksl 13
cvr6 5
c1e6 20
ccyl 16
cie6 12
ce76 1
c8i6 11
cqr6 26
cv1l 22
c3r6 24
cqf6 9
ckf6 2
cli6 8
caw6 3
c33l 21
cw76 20
cee6 12
c776 1
c0r6 5
cof6 9
c4i6 11
c01l 22
cor6 26
cbf6 2
c6i6 8
cmyl 16
ct76 20
c13l 21
c1r6 24
cfw6 3
c7e6 12
cr76 1
clr6 26
c51l 22
cni6 11
clf6 9
cw1l 21
cuf6 2
cx76 20
cwk6 24
c2i6 8
ciw6 3
c6r6 26
cp1l 22
ct1l 21
c6f6 9
cvf6 2
cre6 12
ck76 1
c9i6 11
c81l 22
c2r6 26
cj76 20
chi6 8
cew6 3
c0f6 2
cke6 12
cx1l 21
cb76 1
chr6 26
c41l 22
cgi6 11
c7w6 3
cbe6 12
cci6 8
cq76 20
c5f6 2
cn1l 22
cu76 1
ccr6 26
cue6 12
czi6 11
crw6 3
cmi6 8
co76 20
cv76 1
cpf6 2
c91l 22
cve6 12
ckw6 3
csi6 11
c076 1
cai6 8
cg1l 22
c0e6 12
c8f6 2
cbw6 3
cyi6 11
c576 1
cfi6 8
c5e6 12
c4f6 2
cuw6 3
cp76 1
cpe6 12
cdi6 11
c876 1
c3w6 3
cnf6 2
c3i6 11
c476 1
c9f6 2
c1i6 11
cn76 1
cgf6 2
cwe6 11
czf6 2
c976 1
cte6 11
cxe6 11
ctk6 11
