1180
s2mt 9
s5u 8
s7px 7
shdj 6
su3j 5
szbx 4
sibq 3
sebq 2
s7bq 1
srbq 0
svl 7
sul 4
sbl 6
skl 8
srl 9
s7l 7
sel 8
sil 5
syo 9
syj 4
suj 9
sst 6
skx 5
sfj 7
sbo 8
s5j 2
sdwt 9
sfm 4
skkt 4
ss4x 7
ssjt 5
s5bq 6
s8bq 2
spbq 1
ss2 8
sg2 8
c0l 8
s4bq 9
snbq 4
sz2 7
s92 6
sn2 8
s42 5
s82 8
sp2 8
sb 7
sa2 6
s7t 8
s1j 5
sk 6
sq 8
so 7
sm 5
sl 5
sh 6
sa 2
s6 7
s2 2
s7 8
se 5
si 7
st 6
sj 8
sc 2
sn 0
s4 2
s8 2
sp 5
s5 6
sv 7
stqq 0
swqq 8
s6f 7
cx 7
ckbq 3
s1jq 2
s3jq 8
sdjq 8
s0x 6
syjq 5
smtq 1
s9jt 0
cr 7
cf 7
snjt 6
s8jt 6
s4jt 4
spjt 6
s5jt 5
s0jt 2
sde 8
c0 1
sbe 0
smh 4
so2 5
sq2 7
sj2 2
sx2 1
st2 6
s1l 8
cu 7
sj6 2
sx6 0
st6 4
sw6 5
s3l 6
sdl 1
syx 6
sut 0
saq 8
s1q 9
s1 4
shft 5
c9 7
skg 0
siu 8
shat 6
s0qt 2
s02 2
sd7j 8
sy7j 9
ss7j 1
sz7j 5
sg7j 4
s97j 6
sn7j 1
s47j 0
s87j 4
sp7j 6
cy2 7
skzt 4
sv9t 2
sl3 1
cq6 4
si7 5
sijj 2
shy 8
selx 5
sc6t 9
cl2 4
ccft 2
skmt 6
srmt 9
s7mt 7
semt 0
simt 8
sfmt 4
seat 1
samt 2
smmt 5
snu 1
su3 3
cah 1
sq7 6
sih 7
snh 5
cgjt 1
swx 9
sij 0
skyt 8
sbyt 7
suyt 6
cxqq 1
sco 4
sdqx 3
si6x 0
swpx 2
sybq 6
sdbq 7
sryt 5
sre 9
s7yt 8
s26 9
c9h 9
seyt 1
siyt 0
sn8 2
sdet 5
s9pt 3
s5xt 4
szu 8
sgu 4
s9u 8
s4u 1
s8u 5
spu 0
stf 3
cbmt 9
sp6 8
s46 4
s1e 1
s3tt 5
sdtt 1
cvyt 2
sytt 7
c37j 9
sstt 0
sztt 8
sgtt 4
s9tt 7
shtt 5
s3b 3
c9bq 9
ssb 1
sdb 2
syb 5
szb 8
csu 3
sgb 1
s9b 0
sgr 3
syq 1
swqj 4
s2tt 3
sctt 7
c1tt 4
smtt 0
sawq 2
skzx 8
swuq 1
suu 5
stuq 0
sxuq 2
seg 7
c1b 5
s8v 7
s2h 4
svu 3
sbu 4
sku 8
sru 3
s7u 7
seu 8
sfu 4
sau 5
svq 8
sz5x 5
squq 4
souq 3
sluq 5
s6uq 7
s2uq 1
c3bq 6
c0u 8
catt 8
shuq 8
scuq 9
smuq 4
sauq 2
sy7 7
ss 6
sok 4
s27t 4
s04x 6
s1jj 6
s3jj 8
sdjj 7
syjj 5
ssjj 2
cjuq 0
szjj 8
sbvt 4
s29t 2
s1qt 4
se2 7
s3xx 7
s49x 5
s6at 6
s7jx 2
scaq 8
sm2j 5
sqxx 3
sy9j 1
sc2 4
sjvq 2
si2 6
sf2 9
siq 4
sm2 8
sh2 7
ctqj 4
s22 3
s62 5
szq 7
sy6 6
suq 9
cfuq 4
slx 1
sbj 9
s36 7
sh6 6
s66 8
sgl 3
sfo 9
s8j 7
s6q 7
stl 5
swl 8
s1o 3
s3o 7
sdo 9
svj 1
sqt 2
sjj 8
shx 5
scq 6
s5q 2
smj 9
scj 8
shj 3
s2j 2
s6j 1
slj 2
soj 7
sqj 5
sxj 1
s9t 7
sbx 2
srx 5
s7x 6
sex 9
six 3
sfx 5
sxx 8
swt 1
sox 6
s8t 2
s3 9
sd 5
sy 7
sz 7
sg 1
s0t 6
svt 8
sbt 2
skt 0
sot 9
sit 3
s2o 5
s6o 1
slo 8
soo 2
sqo 6
sjo 4
sxo 0
sto 7
swo 6
sqx 9
spj 1
s4t 3
sjt 2
sxt 8
sal 5
sml 0
scl 2
shl 4
s2l 9
s6l 7
sll 6
sol 2
sql 6
seq 5
sjl 1
s3x 9
sdx 0
ssx 8
szx 3
sgx 1
s9x 8
snx 4
s4x 2
s8x 7
sbq 5
skq 9
shq 1
sppj 6
s2t 1
s8pj 7
cfl 6
s5pj 3
s0pj 8
svpj 6
c5t 5
skpj 0
ctt 2
s5xx 4
clt 3
sovq 9
cux 2
slvq 8
c1x 4
s6vq 7
s2vq 5
shvq 0
sjqx 6
scvq 4
spa 1
c4pj 6
cho 3
caj 2
c0q 1
cxl 2
smvq 6
savq 1
sqpj 3
snjq 0
smd 2
cc6 2
c72 2
siot 0
s9it 3
cqvq 2
s5qq 3
swvj 0
s1uj 0
s3uj 3
sjet 0
sdbt 0
sgkj 2
s9kj 3
snkj 0
s4kj 3
sqgt 8
s17j 2
szft 9
smlt 3
s7pt 0
csft 9
sckq 8
sjgx 2
sncj 3
spmj 8
sqhj 0
sivq 2
czkj 9
sevq 4
sclt 6
shlt 3
swg 6
sko 3
sa9 5
s43 0
sad 7
scd 5
shd 8
s2d 3
s6d 0
sld 6
ctvj 9
sod 1
sqd 3
szm 7
sug 8
srj 6
sp7 0
cfvq 9
soc 5
siv 3
s9q 7
s19 8
seb 1
sib 3
spi 5
sat 1
sqr 0
sjr 9
sxr 0
str 6
swr 3
s17 5
s37 6
sd7 1
s32 7
sao 8
set 5
sft 5
smt 6
s6t 1
sjh 0
sxh 2
sth 3
swh 6
s12 9
ssl 9
s8o 5
s5x 2
ssq 7
cso 8
crt 1
sgq 7
snq 9
s4q 6
se9 0
si9 3
sf9 9
sm9 5
sc9 1
c3q 0
sh9 8
cpx 2
sfkj 6
sikj 7
sekj 0
s76x 0
s5vq 6
seqq 3
siqj 7
cdq 6
sp3x 9
srk 8
srvq 0
sakj 5
s2kj 1
cqh 2
c79 1
cor 2
smkj 6
sckj 8
shkj 3
s6kj 7
slkj 5
sy3x 9
c7b 2
sxjj 8
shfj 4
s1g 5
spvq 1
s8vq 7
s4vq 3
snvq 6
s9vq 5
sgvq 8
szvq 9
ctg 2
c7kj 4
cfd 2
calt 2
c7vq 2
cewq 4
sr2j 4
s9dx 2
ckvq 0
sljq 4
smo 4
ssnx 7
sxkt 2
sh0q 4
sc0q 7
sm0q 1
sa0q 5
s72j 2
se2j 5
si2j 2
saux 2
s4z 5
s2tq 2
s6tq 8
sltq 5
sotq 1
sqtq 2
sttq 5
s9gt 5
sjtq 8
s1gx 5
sxtq 5
svm 3
ck2j 2
sbpx 9
sqzt 6
smk 1
s3kt 3
s4mt 9
s21j 8
s3nt 9
csvq 9
skpx 2
srpx 6
sepx 5
sipx 3
sfpx 6
sapx 1
sret 8
sog 0
s9i 2
s8d 5
s56t 2
s1pt 3
s3pt 6
sdpt 1
sypt 8
sspt 0
szpt 5
sgpt 6
snpt 8
s4pt 0
srkt 5
s7kt 0
sekt 4
sikt 6
syg 1
snf 8
sin 3
sfq 7
sc4 2
s49 8
s1i 6
suz 5
sbz 4
skz 2
cw8t 1
s7z 8
srz 7
sez 0
sur 3
sig 6
sb0 8
s7j 7
s69 5
sl9 2
so9 6
sq9 3
cupx 1
sj9 8
sx9 5
st9 2
sw9 4
s1n 7
sx5 6
sfe 3
sa6 0
sm6 4
szaj 2
sdp 5
caa 2
s2xj 6
scux 7
su6 4
ssbj 0
sybj 1
s5l 6
cf6 4
sclj 9
sy4 8
st5q 5
so0 2
c29 3
si6 1
shr 7
sej 4
s9v 8
sc5 7
s4b 0
snv 1
cdbj 8
cvz 3
s4v 6
spv 9
s5v 4
s0h 2
ssj 7
s8h 0
s4f 2
cbkt 3
s1t 9
sta 1
s1c 6
sga 8
s9a 7
sna 1
s3j 9
s1h 4
s3h 2
sgh 0
sdh 4
chtq 3
syh 8
cgv 0
ssh 2
szh 7
sb6 4
sk6 9
sr6 6
s76 1
cf0q 3
se6 0
s7o 2
s9aj 8
sgaj 4
ssaj 6
syaj 2
sdaj 9
simq 2
sp1j 1
sn5q 7
snaj 6
stut 8
s1lj 2
swsx 9
s1zx 8
skd 0
s3zx 7
cv6 0
sdzx 6
syzx 1
sszx 2
szzx 4
sgzx 1
s9zx 7
cwc 0
snzx 9
szvx 3
sdvt 8
s31 6
sd1 4
sy1 2
ss1 6
svd 7
sud 1
sbd 2
srd 3
cza 0
s7d 8
sed 5
sid 7
shs 9
si7t 2
sf7t 6
sa7t 4
sx2t 7
s30 8
s0xt 6
s8b 3
spb 1
s5b 8
cci 0
c11 4
s0b 5
svb 1
s2f 9
sub 2
sbb 6
c0d 9
skb 8
c3p 0
srb 3
s2r 7
cx5q 0
s9l 4
snl 3
s4l 1
szj 5
svo 4
s2q 0
scx 6
ctsx 9
smx 2
s2x 6
s6x 8
sjx 2
sgt 3
suwj 0
svwj 7
s7c 4
slsx 6
srbx 1
svkt 9
srwj 5
szs 6
sx8q 3
sj8q 4
su9 5
sq8q 9
czl 5
sbwj 8
cax 2
skwj 5
s7wj 0
sewj 7
siwj 7
sfwj 8
sk0x 1
s8ut 5
sput 6
s5ut 1
s0ut 5
cmq 2
svut 7
skjt 8
smat 1
scat 0
syr 4
sg7 5
sdk 6
cnb 2
syk 7
ssk 0
szk 1
s9k 4
sgk 6
snk 6
s4k 1
sze 6
stm 4
sae 0
slc 8
s2i 5
ce7t 2
sli 7
s6i 0
soi 7
sqi 4
sji 6
sxi 1
sti 8
swi 0
szt 8
s1f 5
s0c 6
c3aj 2
spf 4
scc 1
sb2 7
c95q 2
s5h 8
sz6 5
sg6 8
spo 1
s5o 0
s0o 7
suo 6
sro 5
sht 4
syt 5
snt 1
cs6 8
spt 5
shf 0
slf 7
sqf 0
sof 4
spq 6
s56 0
sqq 1
sjq 9
ckj 0
svot 5
s86 3
s8e 5
cdt 5
c9f 8
seit 7
s1ut 0
swvt 4
c4o 0
ccf 4
siit 5
sfit 3
sait 8
smit 6
sve 0
scit 1
soat 9
s0a 3
chi 0
sek 7
sge 4
suh 0
c8a 5
s15t 3
c8q 9
s5cj 8
s8jx 9
sf4q 7
sg8 4
s9nq 5
s1tx 1
smut 6
s3rt 9
c3k 9
cse 0
caat 9
s94 3
sjvt 8
c7k 0
sxvt 1
stvt 4
s3ut 3
sdut 6
syut 1
c7it 0
sxtt 8
sx4 0
svc 6
c4ut 9
sv0 1
c0wj 9
s65 4
s1rt 6
sdrt 0
syrt 3
ssrt 4
szrt 1
srct 3
spct 4
skat 8
s4r 2
sep 2
co8q 9
sua 2
sie 6
s6e 0
sle 1
soe 1
sqe 3
sje 4
sxe 3
ste 8
s2m 4
skc 2
s8i 6
s3c 4
svh 7
sph 1
sbh 0
cd2 8
skh 6
srh 3
s7h 7
s4j 2
s16 4
sd6 0
sio 8
svtq 1
s9oq 7
sgoq 2
szoq 3
s5gt 6
sblj 0
ceo 8
smgt 4
stvx 5
sz8q 4
s29q 2
suvj 1
sum 3
sqs 7
sn3t 0
s9bj 5
s93t 1
cw2 8
sgqq 0
s9qq 7
snqq 6
s4qq 5
s8qq 7
spqq 5
c4h 8
s0qq 3
svqq 0
suqq 5
c2e 8
szcx 7
ssxx 0
sodx 1
so9j 6
sdkj 3
c7p 8
cwkt 8
s67j 0
s43j 7
s0nt 0
s76t 6
sx7 1
ssxt 3
sqg 7
s3xt 5
s0n 3
s5m 6
cqvt 8
s0m 1
sbm 6
syc 1
sva 1
sba 5
ska 0
sra 1
cwxx 8
cgnq 8
s7a 5
sopx 7
sqpx 4
sjpx 0
sxpx 3
cpm 6
stpx 1
s15x 5
s35x 3
sk3t 4
sr3t 5
sf3t 7
s73t 8
se3t 1
si3t 0
c5a 9
sa3t 6
smz 7
skgt 3
sgvt 4
sczt 9
sb3 2
sn7 4
sa4t 5
s59 9
saf 4
s47 6
clpx 4
s87 7
s57 8
s07 2
sni 1
slm 0
sk7 3
sam 4
s3t 3
s7q 5
cr6t 1
sfvt 9
sykj 6
se9q 3
s79q 8
sr9q 7
sk9q 4
sb9q 2
su9q 0
czqq 1
sv9q 9
s09q 3
sb3j 1
srbj 6
crq 5
s7bj 1
c97 5
sebj 6
cb3t 5
sibj 1
sfbj 7
sabj 9
smbj 6
csoq 5
scbj 1
shbj 6
sttt 9
s7vt 1
ch9q 5
s6nx 7
s6dt 7
sp7x 6
sr9x 7
s19q 6
swgq 9
stgq 9
sxgq 7
ckbj 1
sjgq 3
sqgq 1
sogq 8
slgq 2
s0i 4
sfzq 4
sizq 2
sezq 2
s7zq 6
srzq 4
c59q 0
skzq 6
sbzq 5
suzq 9
svzq 3
stjj 5
srpj 7
sr3x 7
sqxq 2
sbqx 5
sz4t 7
sbi 1
s2k 5
s0mt 2
soit 5
sqit 7
sn1 8
sjit 1
c6gq 8
sxit 1
stit 5
swit 2
s1ft 7
cuqx 5
s3ft 1
sdft 5
syft 2
szlt 4
slg 5
sg4 2
s4p 0
s8p 7
srwt 4
srht 2
spwt 1
selt 0
s9d 2
s6c 4
s52t 0
sw2t 7
scqt 5
sxg 4
sln 6
sjm 0
s2qt 2
ct2t 7
sz7 4
sk2 1
sui 7
ski 2
sri 9
s7i 7
sei 1
sii 5
sfi 4
sai 9
cnp 7
smi 6
sgzq 1
szzq 2
sszq 0
clit 7
syzq 4
sdzq 6
sgqx 5
s3zq 3
s1zq 9
cvi 5
cs7 5
swsq 7
stsq 8
cmqt 5
cbct 5
sxsq 0
c0zq 5
swd 8
stzx 4
sbkx 8
szqx 3
s9qx 6
sa0j 4
sm0j 0
sc0j 8
sh0j 9
sl0j 6
s20j 0
s60j 6
csqx 3
suex 9
so0j 2
svvj 4
sb3x 8
s3yx 9
s25x 2
smyt 4
scyt 0
st0 8
sapt 7
s5y 0
spr 4
s5r 4
s0r 6
s2c 3
c8r 4
cayt 4
cf0j 4
cjsq 4
