101
sa7 2
sf7 1
si7 0
sm7 0
sc7 2
sh7 2
s27 1
s67 0
sl7 0
so7 2
sq7 2
sj7 2
sx7 2
st7 2
sw7 1
s1e 0
s3e 2
sde 1
sye 0
sse 1
sze 0
sge 2
s9e 1
sne 1
s4e 1
s8e 1
spe 0
s5e 2
s0e 2
sve 2
sue 1
sbe 2
ske 0
sre 1
s7e 1
see 1
sie 0
sfe 1
sae 1
sme 1
sce 0
she 1
s2e 0
s6e 2
sle 0
soe 0
sqe 2
sje 2
sxe 0
ste 0
swe 2
s1i 0
s3i 1
sdi 2
syi 0
ssi 2
szi 1
sgi 2
s9i 1
sni 1
s4i 1
s8i 1
spi 0
s5i 1
s0i 1
svi 1
sui 2
sbi 0
ski 1
sri 0
s7i 2
sei 2
sii 2
sfi 2
sai 0
smi 1
sci 2
shi 2
s2i 1
s6i 2
sli 1
soi 2
sqi 0
sji 0
sxi 2
sti 2
swi 2
s1f 0
s3f 0
sdf 2
syf 1
ssf 2
szf 2
sgf 1
s9f 0
snf 0
s4f 2
s8f 1
spf 1
s5f 1
ce7 1
