101
s1665698 99
s1134229 98
s1158984 97
s806981 96
s1732362 95
s911726 94
s1371516 93
s7688 92
s1897533 91
s626695 90
s759356 89
s1780337 88
s274876 87
s1461927 86
s1637172 85
s837787 84
s596906 83
s890236 82
s1368024 81
s404729 80
s1800078 79
s141066 78
s311795 77
s1454299 76
s1105252 75
s470812 74
s1038770 73
s1118487 72
s48128 71
s666310 70
s1213712 69
s1144285 68
s72654 67
s1574666 66
s104932 65
s676001 64
s1238906 63
s168506 62
s19535 61
s326936 60
s1723267 59
s31264 58
s1177797 57
s1775099 56
s516022 55
s1826344 54
s456018 53
s438384 52
s304942 51
s812780 50
s1905268 49
s678065 48
s987532 47
s47705 46
s838653 45
s160546 44
s777156 43
s1252061 42
s43785 41
s682536 40
s1926152 39
s576296 38
s1788148 37
s1268298 36
s1172261 35
s639968 34
s120752 33
s1142264 32
s104372 31
s1861648 30
s1979376 29
s823425 28
s1688024 27
s358824 26
s1084890 25
s1196152 24
s1444582 23
s1287032 22
s1684969 21
s307234 20
s911000 19
s69740 18
s1992015 17
s666270 16
s579069 15
s1245904 14
s164515 13
s1778948 12
s1455265 11
s1259435 10
s691422 9
s1246368 8
s913134 7
s209231 6
s759640 5
s330611 4
s205352 3
s301185 2
s314404 1
s584487 0
c1737226 73
